2016/10/15 21:34:44 [error] [exception.CHttpException.404] exception 'CHttpException' with message 'The system is unable to find the requested action "plugins".' in C:\Apache2.2\htdocs\yii\framework\web\CController.php:483
Stack trace:
#0 C:\Apache2.2\htdocs\yii\framework\web\CController.php(270): CController->missingAction('plugins')
#1 C:\Apache2.2\htdocs\yii\framework\web\CWebApplication.php(282): CController->run('plugins')
#2 C:\Apache2.2\htdocs\yii\framework\web\CWebApplication.php(141): CWebApplication->runController('site/plugins/sl...')
#3 C:\Apache2.2\htdocs\yii\framework\base\CApplication.php(184): CWebApplication->processRequest()
#4 C:\Apache2.2\htdocs\yii\voln-advert\index.php(13): CApplication->run()
#5 {main}
REQUEST_URI=/yii/voln-advert/index.php/site/plugins/slicknav/slicknav.css
HTTP_REFERER=http://localhost/yii/voln-advert/index.php/site/page?view=about
---
2016/10/15 21:34:44 [error] [exception.CHttpException.404] exception 'CHttpException' with message 'The system is unable to find the requested action "plugins".' in C:\Apache2.2\htdocs\yii\framework\web\CController.php:483
Stack trace:
#0 C:\Apache2.2\htdocs\yii\framework\web\CController.php(270): CController->missingAction('plugins')
#1 C:\Apache2.2\htdocs\yii\framework\web\CWebApplication.php(282): CController->run('plugins')
#2 C:\Apache2.2\htdocs\yii\framework\web\CWebApplication.php(141): CWebApplication->runController('site/plugins/sl...')
#3 C:\Apache2.2\htdocs\yii\framework\base\CApplication.php(184): CWebApplication->processRequest()
#4 C:\Apache2.2\htdocs\yii\voln-advert\index.php(13): CApplication->run()
#5 {main}
REQUEST_URI=/yii/voln-advert/index.php/site/plugins/slicknav/slicknav.js
HTTP_REFERER=http://localhost/yii/voln-advert/index.php/site/page?view=about
---
2016/10/15 23:37:09 [error] [exception.CHttpException.404] exception 'CHttpException' with message 'The system is unable to find the requested action "plugins".' in C:\Apache2.2\htdocs\yii\framework\web\CController.php:483
Stack trace:
#0 C:\Apache2.2\htdocs\yii\framework\web\CController.php(270): CController->missingAction('plugins')
#1 C:\Apache2.2\htdocs\yii\framework\web\CWebApplication.php(282): CController->run('plugins')
#2 C:\Apache2.2\htdocs\yii\framework\web\CWebApplication.php(141): CWebApplication->runController('site/plugins/sl...')
#3 C:\Apache2.2\htdocs\yii\framework\base\CApplication.php(184): CWebApplication->processRequest()
#4 C:\Apache2.2\htdocs\yii\voln-advert\index.php(13): CApplication->run()
#5 {main}
REQUEST_URI=/yii/voln-advert/index.php/site/plugins/slicknav/slicknav.js
HTTP_REFERER=http://localhost/yii/voln-advert/index.php/site/index
---
2016/10/15 23:37:09 [error] [exception.CHttpException.404] exception 'CHttpException' with message 'The system is unable to find the requested action "plugins".' in C:\Apache2.2\htdocs\yii\framework\web\CController.php:483
Stack trace:
#0 C:\Apache2.2\htdocs\yii\framework\web\CController.php(270): CController->missingAction('plugins')
#1 C:\Apache2.2\htdocs\yii\framework\web\CWebApplication.php(282): CController->run('plugins')
#2 C:\Apache2.2\htdocs\yii\framework\web\CWebApplication.php(141): CWebApplication->runController('site/plugins/sl...')
#3 C:\Apache2.2\htdocs\yii\framework\base\CApplication.php(184): CWebApplication->processRequest()
#4 C:\Apache2.2\htdocs\yii\voln-advert\index.php(13): CApplication->run()
#5 {main}
REQUEST_URI=/yii/voln-advert/index.php/site/plugins/slicknav/slicknav.css
HTTP_REFERER=http://localhost/yii/voln-advert/index.php/site/index
---
2016/10/15 23:37:10 [error] [exception.CHttpException.404] exception 'CHttpException' with message 'The system is unable to find the requested action "plugins".' in C:\Apache2.2\htdocs\yii\framework\web\CController.php:483
Stack trace:
#0 C:\Apache2.2\htdocs\yii\framework\web\CController.php(270): CController->missingAction('plugins')
#1 C:\Apache2.2\htdocs\yii\framework\web\CWebApplication.php(282): CController->run('plugins')
#2 C:\Apache2.2\htdocs\yii\framework\web\CWebApplication.php(141): CWebApplication->runController('site/plugins/sl...')
#3 C:\Apache2.2\htdocs\yii\framework\base\CApplication.php(184): CWebApplication->processRequest()
#4 C:\Apache2.2\htdocs\yii\voln-advert\index.php(13): CApplication->run()
#5 {main}
REQUEST_URI=/yii/voln-advert/index.php/site/plugins/slicknav/slicknav.js
HTTP_REFERER=http://localhost/yii/voln-advert/index.php/site/index
---
2016/10/15 23:39:24 [error] [exception.CHttpException.404] exception 'CHttpException' with message 'The system is unable to find the requested action "plugins".' in C:\Apache2.2\htdocs\yii\framework\web\CController.php:483
Stack trace:
#0 C:\Apache2.2\htdocs\yii\framework\web\CController.php(270): CController->missingAction('plugins')
#1 C:\Apache2.2\htdocs\yii\framework\web\CWebApplication.php(282): CController->run('plugins')
#2 C:\Apache2.2\htdocs\yii\framework\web\CWebApplication.php(141): CWebApplication->runController('site/plugins/sl...')
#3 C:\Apache2.2\htdocs\yii\framework\base\CApplication.php(184): CWebApplication->processRequest()
#4 C:\Apache2.2\htdocs\yii\voln-advert\index.php(13): CApplication->run()
#5 {main}
REQUEST_URI=/yii/voln-advert/index.php/site/plugins/slicknav/slicknav.css
HTTP_REFERER=http://localhost/yii/voln-advert/index.php/site/page?view=about
---
2016/10/15 23:39:24 [error] [exception.CHttpException.404] exception 'CHttpException' with message 'The system is unable to find the requested action "plugins".' in C:\Apache2.2\htdocs\yii\framework\web\CController.php:483
Stack trace:
#0 C:\Apache2.2\htdocs\yii\framework\web\CController.php(270): CController->missingAction('plugins')
#1 C:\Apache2.2\htdocs\yii\framework\web\CWebApplication.php(282): CController->run('plugins')
#2 C:\Apache2.2\htdocs\yii\framework\web\CWebApplication.php(141): CWebApplication->runController('site/plugins/sl...')
#3 C:\Apache2.2\htdocs\yii\framework\base\CApplication.php(184): CWebApplication->processRequest()
#4 C:\Apache2.2\htdocs\yii\voln-advert\index.php(13): CApplication->run()
#5 {main}
REQUEST_URI=/yii/voln-advert/index.php/site/plugins/slicknav/slicknav.js
HTTP_REFERER=http://localhost/yii/voln-advert/index.php/site/page?view=about
---
2016/10/15 23:48:57 [error] [exception.CHttpException.404] exception 'CHttpException' with message 'The system is unable to find the requested action "plugins".' in C:\Apache2.2\htdocs\yii\framework\web\CController.php:483
Stack trace:
#0 C:\Apache2.2\htdocs\yii\framework\web\CController.php(270): CController->missingAction('plugins')
#1 C:\Apache2.2\htdocs\yii\framework\web\CWebApplication.php(282): CController->run('plugins')
#2 C:\Apache2.2\htdocs\yii\framework\web\CWebApplication.php(141): CWebApplication->runController('site/plugins/sl...')
#3 C:\Apache2.2\htdocs\yii\framework\base\CApplication.php(184): CWebApplication->processRequest()
#4 C:\Apache2.2\htdocs\yii\voln-advert\index.php(13): CApplication->run()
#5 {main}
REQUEST_URI=/yii/voln-advert/index.php/site/plugins/slicknav/slicknav.css
HTTP_REFERER=http://localhost/yii/voln-advert/index.php/site/contact
---
2016/10/15 23:48:57 [error] [exception.CHttpException.404] exception 'CHttpException' with message 'The system is unable to find the requested action "plugins".' in C:\Apache2.2\htdocs\yii\framework\web\CController.php:483
Stack trace:
#0 C:\Apache2.2\htdocs\yii\framework\web\CController.php(270): CController->missingAction('plugins')
#1 C:\Apache2.2\htdocs\yii\framework\web\CWebApplication.php(282): CController->run('plugins')
#2 C:\Apache2.2\htdocs\yii\framework\web\CWebApplication.php(141): CWebApplication->runController('site/plugins/sl...')
#3 C:\Apache2.2\htdocs\yii\framework\base\CApplication.php(184): CWebApplication->processRequest()
#4 C:\Apache2.2\htdocs\yii\voln-advert\index.php(13): CApplication->run()
#5 {main}
REQUEST_URI=/yii/voln-advert/index.php/site/plugins/slicknav/slicknav.js
HTTP_REFERER=http://localhost/yii/voln-advert/index.php/site/contact
---
2016/10/15 23:53:08 [error] [exception.CHttpException.404] exception 'CHttpException' with message 'The system is unable to find the requested action "plugins".' in C:\Apache2.2\htdocs\yii\framework\web\CController.php:483
Stack trace:
#0 C:\Apache2.2\htdocs\yii\framework\web\CController.php(270): CController->missingAction('plugins')
#1 C:\Apache2.2\htdocs\yii\framework\web\CWebApplication.php(282): CController->run('plugins')
#2 C:\Apache2.2\htdocs\yii\framework\web\CWebApplication.php(141): CWebApplication->runController('site/plugins/sl...')
#3 C:\Apache2.2\htdocs\yii\framework\base\CApplication.php(184): CWebApplication->processRequest()
#4 C:\Apache2.2\htdocs\yii\voln-advert\index.php(13): CApplication->run()
#5 {main}
REQUEST_URI=/yii/voln-advert/index.php/site/plugins/slicknav/slicknav.css
HTTP_REFERER=http://localhost/yii/voln-advert/index.php/site/contact
---
2016/10/15 23:53:08 [error] [exception.CHttpException.404] exception 'CHttpException' with message 'The system is unable to find the requested action "plugins".' in C:\Apache2.2\htdocs\yii\framework\web\CController.php:483
Stack trace:
#0 C:\Apache2.2\htdocs\yii\framework\web\CController.php(270): CController->missingAction('plugins')
#1 C:\Apache2.2\htdocs\yii\framework\web\CWebApplication.php(282): CController->run('plugins')
#2 C:\Apache2.2\htdocs\yii\framework\web\CWebApplication.php(141): CWebApplication->runController('site/plugins/sl...')
#3 C:\Apache2.2\htdocs\yii\framework\base\CApplication.php(184): CWebApplication->processRequest()
#4 C:\Apache2.2\htdocs\yii\voln-advert\index.php(13): CApplication->run()
#5 {main}
REQUEST_URI=/yii/voln-advert/index.php/site/plugins/slicknav/slicknav.js
HTTP_REFERER=http://localhost/yii/voln-advert/index.php/site/contact
---
2016/10/15 23:53:09 [error] [exception.CHttpException.404] exception 'CHttpException' with message 'The system is unable to find the requested action "plugins".' in C:\Apache2.2\htdocs\yii\framework\web\CController.php:483
Stack trace:
#0 C:\Apache2.2\htdocs\yii\framework\web\CController.php(270): CController->missingAction('plugins')
#1 C:\Apache2.2\htdocs\yii\framework\web\CWebApplication.php(282): CController->run('plugins')
#2 C:\Apache2.2\htdocs\yii\framework\web\CWebApplication.php(141): CWebApplication->runController('site/plugins/sl...')
#3 C:\Apache2.2\htdocs\yii\framework\base\CApplication.php(184): CWebApplication->processRequest()
#4 C:\Apache2.2\htdocs\yii\voln-advert\index.php(13): CApplication->run()
#5 {main}
REQUEST_URI=/yii/voln-advert/index.php/site/plugins/slicknav/slicknav.js
HTTP_REFERER=http://localhost/yii/voln-advert/index.php/site/contact
---
2016/10/15 23:53:11 [error] [exception.CHttpException.404] exception 'CHttpException' with message 'The system is unable to find the requested action "plugins".' in C:\Apache2.2\htdocs\yii\framework\web\CController.php:483
Stack trace:
#0 C:\Apache2.2\htdocs\yii\framework\web\CController.php(270): CController->missingAction('plugins')
#1 C:\Apache2.2\htdocs\yii\framework\web\CWebApplication.php(282): CController->run('plugins')
#2 C:\Apache2.2\htdocs\yii\framework\web\CWebApplication.php(141): CWebApplication->runController('site/plugins/sl...')
#3 C:\Apache2.2\htdocs\yii\framework\base\CApplication.php(184): CWebApplication->processRequest()
#4 C:\Apache2.2\htdocs\yii\voln-advert\index.php(13): CApplication->run()
#5 {main}
REQUEST_URI=/yii/voln-advert/index.php/site/plugins/slicknav/slicknav.js
HTTP_REFERER=http://localhost/yii/voln-advert/index.php/site/index
---
2016/10/15 23:53:11 [error] [exception.CHttpException.404] exception 'CHttpException' with message 'The system is unable to find the requested action "plugins".' in C:\Apache2.2\htdocs\yii\framework\web\CController.php:483
Stack trace:
#0 C:\Apache2.2\htdocs\yii\framework\web\CController.php(270): CController->missingAction('plugins')
#1 C:\Apache2.2\htdocs\yii\framework\web\CWebApplication.php(282): CController->run('plugins')
#2 C:\Apache2.2\htdocs\yii\framework\web\CWebApplication.php(141): CWebApplication->runController('site/plugins/sl...')
#3 C:\Apache2.2\htdocs\yii\framework\base\CApplication.php(184): CWebApplication->processRequest()
#4 C:\Apache2.2\htdocs\yii\voln-advert\index.php(13): CApplication->run()
#5 {main}
REQUEST_URI=/yii/voln-advert/index.php/site/plugins/slicknav/slicknav.css
HTTP_REFERER=http://localhost/yii/voln-advert/index.php/site/index
---
2016/10/15 23:53:12 [error] [exception.CHttpException.404] exception 'CHttpException' with message 'The system is unable to find the requested action "plugins".' in C:\Apache2.2\htdocs\yii\framework\web\CController.php:483
Stack trace:
#0 C:\Apache2.2\htdocs\yii\framework\web\CController.php(270): CController->missingAction('plugins')
#1 C:\Apache2.2\htdocs\yii\framework\web\CWebApplication.php(282): CController->run('plugins')
#2 C:\Apache2.2\htdocs\yii\framework\web\CWebApplication.php(141): CWebApplication->runController('site/plugins/sl...')
#3 C:\Apache2.2\htdocs\yii\framework\base\CApplication.php(184): CWebApplication->processRequest()
#4 C:\Apache2.2\htdocs\yii\voln-advert\index.php(13): CApplication->run()
#5 {main}
REQUEST_URI=/yii/voln-advert/index.php/site/plugins/slicknav/slicknav.js
HTTP_REFERER=http://localhost/yii/voln-advert/index.php/site/index
---
2016/10/15 23:53:42 [error] [exception.CHttpException.404] exception 'CHttpException' with message 'The system is unable to find the requested action "plugins".' in C:\Apache2.2\htdocs\yii\framework\web\CController.php:483
Stack trace:
#0 C:\Apache2.2\htdocs\yii\framework\web\CController.php(270): CController->missingAction('plugins')
#1 C:\Apache2.2\htdocs\yii\framework\web\CWebApplication.php(282): CController->run('plugins')
#2 C:\Apache2.2\htdocs\yii\framework\web\CWebApplication.php(141): CWebApplication->runController('site/plugins/sl...')
#3 C:\Apache2.2\htdocs\yii\framework\base\CApplication.php(184): CWebApplication->processRequest()
#4 C:\Apache2.2\htdocs\yii\voln-advert\index.php(13): CApplication->run()
#5 {main}
REQUEST_URI=/yii/voln-advert/index.php/site/plugins/slicknav/slicknav.css
HTTP_REFERER=http://localhost/yii/voln-advert/index.php/site/index
---
2016/10/15 23:53:44 [error] [exception.CHttpException.404] exception 'CHttpException' with message 'The system is unable to find the requested action "plugins".' in C:\Apache2.2\htdocs\yii\framework\web\CController.php:483
Stack trace:
#0 C:\Apache2.2\htdocs\yii\framework\web\CController.php(270): CController->missingAction('plugins')
#1 C:\Apache2.2\htdocs\yii\framework\web\CWebApplication.php(282): CController->run('plugins')
#2 C:\Apache2.2\htdocs\yii\framework\web\CWebApplication.php(141): CWebApplication->runController('site/plugins/sl...')
#3 C:\Apache2.2\htdocs\yii\framework\base\CApplication.php(184): CWebApplication->processRequest()
#4 C:\Apache2.2\htdocs\yii\voln-advert\index.php(13): CApplication->run()
#5 {main}
REQUEST_URI=/yii/voln-advert/index.php/site/plugins/slicknav/slicknav.js
HTTP_REFERER=http://localhost/yii/voln-advert/index.php/site/index
---
2016/10/15 23:55:58 [error] [exception.CHttpException.404] exception 'CHttpException' with message 'The system is unable to find the requested action "plugins".' in C:\Apache2.2\htdocs\yii\framework\web\CController.php:483
Stack trace:
#0 C:\Apache2.2\htdocs\yii\framework\web\CController.php(270): CController->missingAction('plugins')
#1 C:\Apache2.2\htdocs\yii\framework\web\CWebApplication.php(282): CController->run('plugins')
#2 C:\Apache2.2\htdocs\yii\framework\web\CWebApplication.php(141): CWebApplication->runController('site/plugins/sl...')
#3 C:\Apache2.2\htdocs\yii\framework\base\CApplication.php(184): CWebApplication->processRequest()
#4 C:\Apache2.2\htdocs\yii\voln-advert\index.php(13): CApplication->run()
#5 {main}
REQUEST_URI=/yii/voln-advert/index.php/site/plugins/slicknav/slicknav.css
HTTP_REFERER=http://localhost/yii/voln-advert/index.php/site/contact
---
2016/10/15 23:55:58 [error] [exception.CHttpException.404] exception 'CHttpException' with message 'The system is unable to find the requested action "plugins".' in C:\Apache2.2\htdocs\yii\framework\web\CController.php:483
Stack trace:
#0 C:\Apache2.2\htdocs\yii\framework\web\CController.php(270): CController->missingAction('plugins')
#1 C:\Apache2.2\htdocs\yii\framework\web\CWebApplication.php(282): CController->run('plugins')
#2 C:\Apache2.2\htdocs\yii\framework\web\CWebApplication.php(141): CWebApplication->runController('site/plugins/sl...')
#3 C:\Apache2.2\htdocs\yii\framework\base\CApplication.php(184): CWebApplication->processRequest()
#4 C:\Apache2.2\htdocs\yii\voln-advert\index.php(13): CApplication->run()
#5 {main}
REQUEST_URI=/yii/voln-advert/index.php/site/plugins/slicknav/slicknav.js
HTTP_REFERER=http://localhost/yii/voln-advert/index.php/site/contact
---
2016/10/15 23:55:58 [error] [exception.CHttpException.404] exception 'CHttpException' with message 'The system is unable to find the requested action "plugins".' in C:\Apache2.2\htdocs\yii\framework\web\CController.php:483
Stack trace:
#0 C:\Apache2.2\htdocs\yii\framework\web\CController.php(270): CController->missingAction('plugins')
#1 C:\Apache2.2\htdocs\yii\framework\web\CWebApplication.php(282): CController->run('plugins')
#2 C:\Apache2.2\htdocs\yii\framework\web\CWebApplication.php(141): CWebApplication->runController('site/plugins/sl...')
#3 C:\Apache2.2\htdocs\yii\framework\base\CApplication.php(184): CWebApplication->processRequest()
#4 C:\Apache2.2\htdocs\yii\voln-advert\index.php(13): CApplication->run()
#5 {main}
REQUEST_URI=/yii/voln-advert/index.php/site/plugins/slicknav/slicknav.js
HTTP_REFERER=http://localhost/yii/voln-advert/index.php/site/contact
---
2016/10/15 23:57:45 [error] [exception.CHttpException.404] exception 'CHttpException' with message 'The system is unable to find the requested action "plugins".' in C:\Apache2.2\htdocs\yii\framework\web\CController.php:483
Stack trace:
#0 C:\Apache2.2\htdocs\yii\framework\web\CController.php(270): CController->missingAction('plugins')
#1 C:\Apache2.2\htdocs\yii\framework\web\CWebApplication.php(282): CController->run('plugins')
#2 C:\Apache2.2\htdocs\yii\framework\web\CWebApplication.php(141): CWebApplication->runController('site/plugins/sl...')
#3 C:\Apache2.2\htdocs\yii\framework\base\CApplication.php(184): CWebApplication->processRequest()
#4 C:\Apache2.2\htdocs\yii\voln-advert\index.php(13): CApplication->run()
#5 {main}
REQUEST_URI=/yii/voln-advert/index.php/site/plugins/slicknav/slicknav.css
HTTP_REFERER=http://localhost/yii/voln-advert/index.php/site/contact
---
2016/10/15 23:57:45 [error] [exception.CHttpException.404] exception 'CHttpException' with message 'The system is unable to find the requested action "plugins".' in C:\Apache2.2\htdocs\yii\framework\web\CController.php:483
Stack trace:
#0 C:\Apache2.2\htdocs\yii\framework\web\CController.php(270): CController->missingAction('plugins')
#1 C:\Apache2.2\htdocs\yii\framework\web\CWebApplication.php(282): CController->run('plugins')
#2 C:\Apache2.2\htdocs\yii\framework\web\CWebApplication.php(141): CWebApplication->runController('site/plugins/sl...')
#3 C:\Apache2.2\htdocs\yii\framework\base\CApplication.php(184): CWebApplication->processRequest()
#4 C:\Apache2.2\htdocs\yii\voln-advert\index.php(13): CApplication->run()
#5 {main}
REQUEST_URI=/yii/voln-advert/index.php/site/plugins/slicknav/slicknav.js
HTTP_REFERER=http://localhost/yii/voln-advert/index.php/site/contact
---
2016/10/16 00:04:13 [error] [exception.CHttpException.404] exception 'CHttpException' with message 'The system is unable to find the requested action "plugins".' in C:\Apache2.2\htdocs\yii\framework\web\CController.php:483
Stack trace:
#0 C:\Apache2.2\htdocs\yii\framework\web\CController.php(270): CController->missingAction('plugins')
#1 C:\Apache2.2\htdocs\yii\framework\web\CWebApplication.php(282): CController->run('plugins')
#2 C:\Apache2.2\htdocs\yii\framework\web\CWebApplication.php(141): CWebApplication->runController('site/plugins/sl...')
#3 C:\Apache2.2\htdocs\yii\framework\base\CApplication.php(184): CWebApplication->processRequest()
#4 C:\Apache2.2\htdocs\yii\voln-advert\index.php(13): CApplication->run()
#5 {main}
REQUEST_URI=/yii/voln-advert/index.php/site/plugins/slicknav/slicknav.css
HTTP_REFERER=http://localhost/yii/voln-advert/index.php/site/contact
---
2016/10/16 00:04:13 [error] [exception.CHttpException.404] exception 'CHttpException' with message 'The system is unable to find the requested action "plugins".' in C:\Apache2.2\htdocs\yii\framework\web\CController.php:483
Stack trace:
#0 C:\Apache2.2\htdocs\yii\framework\web\CController.php(270): CController->missingAction('plugins')
#1 C:\Apache2.2\htdocs\yii\framework\web\CWebApplication.php(282): CController->run('plugins')
#2 C:\Apache2.2\htdocs\yii\framework\web\CWebApplication.php(141): CWebApplication->runController('site/plugins/sl...')
#3 C:\Apache2.2\htdocs\yii\framework\base\CApplication.php(184): CWebApplication->processRequest()
#4 C:\Apache2.2\htdocs\yii\voln-advert\index.php(13): CApplication->run()
#5 {main}
REQUEST_URI=/yii/voln-advert/index.php/site/plugins/slicknav/slicknav.js
HTTP_REFERER=http://localhost/yii/voln-advert/index.php/site/contact
---
2016/10/16 00:04:14 [error] [exception.CHttpException.404] exception 'CHttpException' with message 'The system is unable to find the requested action "plugins".' in C:\Apache2.2\htdocs\yii\framework\web\CController.php:483
Stack trace:
#0 C:\Apache2.2\htdocs\yii\framework\web\CController.php(270): CController->missingAction('plugins')
#1 C:\Apache2.2\htdocs\yii\framework\web\CWebApplication.php(282): CController->run('plugins')
#2 C:\Apache2.2\htdocs\yii\framework\web\CWebApplication.php(141): CWebApplication->runController('site/plugins/sl...')
#3 C:\Apache2.2\htdocs\yii\framework\base\CApplication.php(184): CWebApplication->processRequest()
#4 C:\Apache2.2\htdocs\yii\voln-advert\index.php(13): CApplication->run()
#5 {main}
REQUEST_URI=/yii/voln-advert/index.php/site/plugins/slicknav/slicknav.js
HTTP_REFERER=http://localhost/yii/voln-advert/index.php/site/contact
---
2016/10/16 00:05:01 [error] [exception.CHttpException.404] exception 'CHttpException' with message 'The system is unable to find the requested action "plugins".' in C:\Apache2.2\htdocs\yii\framework\web\CController.php:483
Stack trace:
#0 C:\Apache2.2\htdocs\yii\framework\web\CController.php(270): CController->missingAction('plugins')
#1 C:\Apache2.2\htdocs\yii\framework\web\CWebApplication.php(282): CController->run('plugins')
#2 C:\Apache2.2\htdocs\yii\framework\web\CWebApplication.php(141): CWebApplication->runController('site/plugins/sl...')
#3 C:\Apache2.2\htdocs\yii\framework\base\CApplication.php(184): CWebApplication->processRequest()
#4 C:\Apache2.2\htdocs\yii\voln-advert\index.php(13): CApplication->run()
#5 {main}
REQUEST_URI=/yii/voln-advert/index.php/site/plugins/slicknav/slicknav.css
HTTP_REFERER=http://localhost/yii/voln-advert/index.php/site/contact
---
2016/10/16 00:05:01 [error] [exception.CHttpException.404] exception 'CHttpException' with message 'The system is unable to find the requested action "plugins".' in C:\Apache2.2\htdocs\yii\framework\web\CController.php:483
Stack trace:
#0 C:\Apache2.2\htdocs\yii\framework\web\CController.php(270): CController->missingAction('plugins')
#1 C:\Apache2.2\htdocs\yii\framework\web\CWebApplication.php(282): CController->run('plugins')
#2 C:\Apache2.2\htdocs\yii\framework\web\CWebApplication.php(141): CWebApplication->runController('site/plugins/sl...')
#3 C:\Apache2.2\htdocs\yii\framework\base\CApplication.php(184): CWebApplication->processRequest()
#4 C:\Apache2.2\htdocs\yii\voln-advert\index.php(13): CApplication->run()
#5 {main}
REQUEST_URI=/yii/voln-advert/index.php/site/plugins/slicknav/slicknav.js
HTTP_REFERER=http://localhost/yii/voln-advert/index.php/site/contact
---
2016/10/16 00:25:57 [error] [exception.CHttpException.404] exception 'CHttpException' with message 'The system is unable to find the requested action "plugins".' in C:\Apache2.2\htdocs\yii\framework\web\CController.php:483
Stack trace:
#0 C:\Apache2.2\htdocs\yii\framework\web\CController.php(270): CController->missingAction('plugins')
#1 C:\Apache2.2\htdocs\yii\framework\web\CWebApplication.php(282): CController->run('plugins')
#2 C:\Apache2.2\htdocs\yii\framework\web\CWebApplication.php(141): CWebApplication->runController('site/plugins/sl...')
#3 C:\Apache2.2\htdocs\yii\framework\base\CApplication.php(184): CWebApplication->processRequest()
#4 C:\Apache2.2\htdocs\yii\voln-advert\index.php(13): CApplication->run()
#5 {main}
REQUEST_URI=/yii/voln-advert/index.php/site/plugins/slicknav/slicknav.css
HTTP_REFERER=http://localhost/yii/voln-advert/index.php/site/login
---
2016/10/16 00:25:57 [error] [exception.CHttpException.404] exception 'CHttpException' with message 'The system is unable to find the requested action "plugins".' in C:\Apache2.2\htdocs\yii\framework\web\CController.php:483
Stack trace:
#0 C:\Apache2.2\htdocs\yii\framework\web\CController.php(270): CController->missingAction('plugins')
#1 C:\Apache2.2\htdocs\yii\framework\web\CWebApplication.php(282): CController->run('plugins')
#2 C:\Apache2.2\htdocs\yii\framework\web\CWebApplication.php(141): CWebApplication->runController('site/plugins/sl...')
#3 C:\Apache2.2\htdocs\yii\framework\base\CApplication.php(184): CWebApplication->processRequest()
#4 C:\Apache2.2\htdocs\yii\voln-advert\index.php(13): CApplication->run()
#5 {main}
REQUEST_URI=/yii/voln-advert/index.php/site/plugins/slicknav/slicknav.js
HTTP_REFERER=http://localhost/yii/voln-advert/index.php/site/login
---
2016/10/16 00:26:44 [error] [exception.CHttpException.404] exception 'CHttpException' with message 'The system is unable to find the requested action "plugins".' in C:\Apache2.2\htdocs\yii\framework\web\CController.php:483
Stack trace:
#0 C:\Apache2.2\htdocs\yii\framework\web\CController.php(270): CController->missingAction('plugins')
#1 C:\Apache2.2\htdocs\yii\framework\web\CWebApplication.php(282): CController->run('plugins')
#2 C:\Apache2.2\htdocs\yii\framework\web\CWebApplication.php(141): CWebApplication->runController('site/plugins/sl...')
#3 C:\Apache2.2\htdocs\yii\framework\base\CApplication.php(184): CWebApplication->processRequest()
#4 C:\Apache2.2\htdocs\yii\voln-advert\index.php(13): CApplication->run()
#5 {main}
REQUEST_URI=/yii/voln-advert/index.php/site/plugins/slicknav/slicknav.css
HTTP_REFERER=http://localhost/yii/voln-advert/index.php/site/contact
---
2016/10/16 00:26:45 [error] [exception.CHttpException.404] exception 'CHttpException' with message 'The system is unable to find the requested action "plugins".' in C:\Apache2.2\htdocs\yii\framework\web\CController.php:483
Stack trace:
#0 C:\Apache2.2\htdocs\yii\framework\web\CController.php(270): CController->missingAction('plugins')
#1 C:\Apache2.2\htdocs\yii\framework\web\CWebApplication.php(282): CController->run('plugins')
#2 C:\Apache2.2\htdocs\yii\framework\web\CWebApplication.php(141): CWebApplication->runController('site/plugins/sl...')
#3 C:\Apache2.2\htdocs\yii\framework\base\CApplication.php(184): CWebApplication->processRequest()
#4 C:\Apache2.2\htdocs\yii\voln-advert\index.php(13): CApplication->run()
#5 {main}
REQUEST_URI=/yii/voln-advert/index.php/site/plugins/slicknav/slicknav.js
HTTP_REFERER=http://localhost/yii/voln-advert/index.php/site/contact
---
2016/10/16 00:47:13 [error] [exception.CHttpException.404] exception 'CHttpException' with message 'The system is unable to find the requested action "plugins".' in C:\Apache2.2\htdocs\yii\framework\web\CController.php:483
Stack trace:
#0 C:\Apache2.2\htdocs\yii\framework\web\CController.php(270): CController->missingAction('plugins')
#1 C:\Apache2.2\htdocs\yii\framework\web\CWebApplication.php(282): CController->run('plugins')
#2 C:\Apache2.2\htdocs\yii\framework\web\CWebApplication.php(141): CWebApplication->runController('site/plugins/sl...')
#3 C:\Apache2.2\htdocs\yii\framework\base\CApplication.php(184): CWebApplication->processRequest()
#4 C:\Apache2.2\htdocs\yii\voln-advert\index.php(13): CApplication->run()
#5 {main}
REQUEST_URI=/yii/voln-advert/index.php/site/plugins/slicknav/slicknav.css
HTTP_REFERER=http://localhost/yii/voln-advert/index.php/site/page?view=about
---
2016/10/16 00:47:14 [error] [exception.CHttpException.404] exception 'CHttpException' with message 'The system is unable to find the requested action "plugins".' in C:\Apache2.2\htdocs\yii\framework\web\CController.php:483
Stack trace:
#0 C:\Apache2.2\htdocs\yii\framework\web\CController.php(270): CController->missingAction('plugins')
#1 C:\Apache2.2\htdocs\yii\framework\web\CWebApplication.php(282): CController->run('plugins')
#2 C:\Apache2.2\htdocs\yii\framework\web\CWebApplication.php(141): CWebApplication->runController('site/plugins/sl...')
#3 C:\Apache2.2\htdocs\yii\framework\base\CApplication.php(184): CWebApplication->processRequest()
#4 C:\Apache2.2\htdocs\yii\voln-advert\index.php(13): CApplication->run()
#5 {main}
REQUEST_URI=/yii/voln-advert/index.php/site/plugins/slicknav/slicknav.js
HTTP_REFERER=http://localhost/yii/voln-advert/index.php/site/page?view=about
---
2016/10/16 00:55:41 [error] [exception.CHttpException.404] exception 'CHttpException' with message 'Системе не удалось найти запрашиваемое действие "plugins".' in C:\Apache2.2\htdocs\yii\framework\web\CController.php:483
Stack trace:
#0 C:\Apache2.2\htdocs\yii\framework\web\CController.php(270): CController->missingAction('plugins')
#1 C:\Apache2.2\htdocs\yii\framework\web\CWebApplication.php(282): CController->run('plugins')
#2 C:\Apache2.2\htdocs\yii\framework\web\CWebApplication.php(141): CWebApplication->runController('site/plugins/sl...')
#3 C:\Apache2.2\htdocs\yii\framework\base\CApplication.php(184): CWebApplication->processRequest()
#4 C:\Apache2.2\htdocs\yii\voln-advert\index.php(13): CApplication->run()
#5 {main}
REQUEST_URI=/yii/voln-advert/index.php/site/plugins/slicknav/slicknav.css
HTTP_REFERER=http://localhost/yii/voln-advert/index.php/site/page?view=about
---
2016/10/16 00:55:41 [error] [exception.CHttpException.404] exception 'CHttpException' with message 'Системе не удалось найти запрашиваемое действие "plugins".' in C:\Apache2.2\htdocs\yii\framework\web\CController.php:483
Stack trace:
#0 C:\Apache2.2\htdocs\yii\framework\web\CController.php(270): CController->missingAction('plugins')
#1 C:\Apache2.2\htdocs\yii\framework\web\CWebApplication.php(282): CController->run('plugins')
#2 C:\Apache2.2\htdocs\yii\framework\web\CWebApplication.php(141): CWebApplication->runController('site/plugins/sl...')
#3 C:\Apache2.2\htdocs\yii\framework\base\CApplication.php(184): CWebApplication->processRequest()
#4 C:\Apache2.2\htdocs\yii\voln-advert\index.php(13): CApplication->run()
#5 {main}
REQUEST_URI=/yii/voln-advert/index.php/site/plugins/slicknav/slicknav.js
HTTP_REFERER=http://localhost/yii/voln-advert/index.php/site/page?view=about
---
2016/10/16 00:59:40 [error] [exception.CHttpException.404] exception 'CHttpException' with message 'Системе не удалось найти запрашиваемое действие "plugins".' in C:\Apache2.2\htdocs\yii\framework\web\CController.php:483
Stack trace:
#0 C:\Apache2.2\htdocs\yii\framework\web\CController.php(270): CController->missingAction('plugins')
#1 C:\Apache2.2\htdocs\yii\framework\web\CWebApplication.php(282): CController->run('plugins')
#2 C:\Apache2.2\htdocs\yii\framework\web\CWebApplication.php(141): CWebApplication->runController('site/plugins/sl...')
#3 C:\Apache2.2\htdocs\yii\framework\base\CApplication.php(184): CWebApplication->processRequest()
#4 C:\Apache2.2\htdocs\yii\voln-advert\index.php(13): CApplication->run()
#5 {main}
REQUEST_URI=/yii/voln-advert/index.php/site/plugins/slicknav/slicknav.css
HTTP_REFERER=http://localhost/yii/voln-advert/index.php/site/login
---
2016/10/16 00:59:40 [error] [exception.CHttpException.404] exception 'CHttpException' with message 'Системе не удалось найти запрашиваемое действие "plugins".' in C:\Apache2.2\htdocs\yii\framework\web\CController.php:483
Stack trace:
#0 C:\Apache2.2\htdocs\yii\framework\web\CController.php(270): CController->missingAction('plugins')
#1 C:\Apache2.2\htdocs\yii\framework\web\CWebApplication.php(282): CController->run('plugins')
#2 C:\Apache2.2\htdocs\yii\framework\web\CWebApplication.php(141): CWebApplication->runController('site/plugins/sl...')
#3 C:\Apache2.2\htdocs\yii\framework\base\CApplication.php(184): CWebApplication->processRequest()
#4 C:\Apache2.2\htdocs\yii\voln-advert\index.php(13): CApplication->run()
#5 {main}
REQUEST_URI=/yii/voln-advert/index.php/site/plugins/slicknav/slicknav.js
HTTP_REFERER=http://localhost/yii/voln-advert/index.php/site/login
---
2016/10/16 01:00:21 [error] [exception.CHttpException.404] exception 'CHttpException' with message 'Системе не удалось найти запрашиваемое действие "plugins".' in C:\Apache2.2\htdocs\yii\framework\web\CController.php:483
Stack trace:
#0 C:\Apache2.2\htdocs\yii\framework\web\CController.php(270): CController->missingAction('plugins')
#1 C:\Apache2.2\htdocs\yii\framework\web\CWebApplication.php(282): CController->run('plugins')
#2 C:\Apache2.2\htdocs\yii\framework\web\CWebApplication.php(141): CWebApplication->runController('site/plugins/sl...')
#3 C:\Apache2.2\htdocs\yii\framework\base\CApplication.php(184): CWebApplication->processRequest()
#4 C:\Apache2.2\htdocs\yii\voln-advert\index.php(13): CApplication->run()
#5 {main}
REQUEST_URI=/yii/voln-advert/index.php/site/plugins/slicknav/slicknav.css
HTTP_REFERER=http://localhost/yii/voln-advert/index.php/site/login
---
2016/10/16 01:00:22 [error] [exception.CHttpException.404] exception 'CHttpException' with message 'Системе не удалось найти запрашиваемое действие "plugins".' in C:\Apache2.2\htdocs\yii\framework\web\CController.php:483
Stack trace:
#0 C:\Apache2.2\htdocs\yii\framework\web\CController.php(270): CController->missingAction('plugins')
#1 C:\Apache2.2\htdocs\yii\framework\web\CWebApplication.php(282): CController->run('plugins')
#2 C:\Apache2.2\htdocs\yii\framework\web\CWebApplication.php(141): CWebApplication->runController('site/plugins/sl...')
#3 C:\Apache2.2\htdocs\yii\framework\base\CApplication.php(184): CWebApplication->processRequest()
#4 C:\Apache2.2\htdocs\yii\voln-advert\index.php(13): CApplication->run()
#5 {main}
REQUEST_URI=/yii/voln-advert/index.php/site/plugins/slicknav/slicknav.js
HTTP_REFERER=http://localhost/yii/voln-advert/index.php/site/login
---
2016/10/16 01:01:01 [error] [exception.CHttpException.404] exception 'CHttpException' with message 'Системе не удалось найти запрашиваемое действие "plugins".' in C:\Apache2.2\htdocs\yii\framework\web\CController.php:483
Stack trace:
#0 C:\Apache2.2\htdocs\yii\framework\web\CController.php(270): CController->missingAction('plugins')
#1 C:\Apache2.2\htdocs\yii\framework\web\CWebApplication.php(282): CController->run('plugins')
#2 C:\Apache2.2\htdocs\yii\framework\web\CWebApplication.php(141): CWebApplication->runController('site/plugins/sl...')
#3 C:\Apache2.2\htdocs\yii\framework\base\CApplication.php(184): CWebApplication->processRequest()
#4 C:\Apache2.2\htdocs\yii\voln-advert\index.php(13): CApplication->run()
#5 {main}
REQUEST_URI=/yii/voln-advert/index.php/site/plugins/slicknav/slicknav.css
HTTP_REFERER=http://localhost/yii/voln-advert/index.php/site/login
---
2016/10/16 01:01:01 [error] [exception.CHttpException.404] exception 'CHttpException' with message 'Системе не удалось найти запрашиваемое действие "plugins".' in C:\Apache2.2\htdocs\yii\framework\web\CController.php:483
Stack trace:
#0 C:\Apache2.2\htdocs\yii\framework\web\CController.php(270): CController->missingAction('plugins')
#1 C:\Apache2.2\htdocs\yii\framework\web\CWebApplication.php(282): CController->run('plugins')
#2 C:\Apache2.2\htdocs\yii\framework\web\CWebApplication.php(141): CWebApplication->runController('site/plugins/sl...')
#3 C:\Apache2.2\htdocs\yii\framework\base\CApplication.php(184): CWebApplication->processRequest()
#4 C:\Apache2.2\htdocs\yii\voln-advert\index.php(13): CApplication->run()
#5 {main}
REQUEST_URI=/yii/voln-advert/index.php/site/plugins/slicknav/slicknav.js
HTTP_REFERER=http://localhost/yii/voln-advert/index.php/site/login
---
2016/10/16 01:01:01 [error] [exception.CHttpException.404] exception 'CHttpException' with message 'Системе не удалось найти запрашиваемое действие "plugins".' in C:\Apache2.2\htdocs\yii\framework\web\CController.php:483
Stack trace:
#0 C:\Apache2.2\htdocs\yii\framework\web\CController.php(270): CController->missingAction('plugins')
#1 C:\Apache2.2\htdocs\yii\framework\web\CWebApplication.php(282): CController->run('plugins')
#2 C:\Apache2.2\htdocs\yii\framework\web\CWebApplication.php(141): CWebApplication->runController('site/plugins/sl...')
#3 C:\Apache2.2\htdocs\yii\framework\base\CApplication.php(184): CWebApplication->processRequest()
#4 C:\Apache2.2\htdocs\yii\voln-advert\index.php(13): CApplication->run()
#5 {main}
REQUEST_URI=/yii/voln-advert/index.php/site/plugins/slicknav/slicknav.css
HTTP_REFERER=http://localhost/yii/voln-advert/index.php/site/login
---
2016/10/16 01:01:01 [error] [exception.CHttpException.404] exception 'CHttpException' with message 'Системе не удалось найти запрашиваемое действие "plugins".' in C:\Apache2.2\htdocs\yii\framework\web\CController.php:483
Stack trace:
#0 C:\Apache2.2\htdocs\yii\framework\web\CController.php(270): CController->missingAction('plugins')
#1 C:\Apache2.2\htdocs\yii\framework\web\CWebApplication.php(282): CController->run('plugins')
#2 C:\Apache2.2\htdocs\yii\framework\web\CWebApplication.php(141): CWebApplication->runController('site/plugins/sl...')
#3 C:\Apache2.2\htdocs\yii\framework\base\CApplication.php(184): CWebApplication->processRequest()
#4 C:\Apache2.2\htdocs\yii\voln-advert\index.php(13): CApplication->run()
#5 {main}
REQUEST_URI=/yii/voln-advert/index.php/site/plugins/slicknav/slicknav.js
HTTP_REFERER=http://localhost/yii/voln-advert/index.php/site/login
---
2016/10/16 01:01:44 [error] [exception.CHttpException.404] exception 'CHttpException' with message 'Системе не удалось найти запрашиваемое действие "plugins".' in C:\Apache2.2\htdocs\yii\framework\web\CController.php:483
Stack trace:
#0 C:\Apache2.2\htdocs\yii\framework\web\CController.php(270): CController->missingAction('plugins')
#1 C:\Apache2.2\htdocs\yii\framework\web\CWebApplication.php(282): CController->run('plugins')
#2 C:\Apache2.2\htdocs\yii\framework\web\CWebApplication.php(141): CWebApplication->runController('site/plugins/sl...')
#3 C:\Apache2.2\htdocs\yii\framework\base\CApplication.php(184): CWebApplication->processRequest()
#4 C:\Apache2.2\htdocs\yii\voln-advert\index.php(13): CApplication->run()
#5 {main}
REQUEST_URI=/yii/voln-advert/index.php/site/plugins/slicknav/slicknav.css
HTTP_REFERER=http://localhost/yii/voln-advert/index.php/site/login
---
2016/10/16 01:01:44 [error] [exception.CHttpException.404] exception 'CHttpException' with message 'Системе не удалось найти запрашиваемое действие "plugins".' in C:\Apache2.2\htdocs\yii\framework\web\CController.php:483
Stack trace:
#0 C:\Apache2.2\htdocs\yii\framework\web\CController.php(270): CController->missingAction('plugins')
#1 C:\Apache2.2\htdocs\yii\framework\web\CWebApplication.php(282): CController->run('plugins')
#2 C:\Apache2.2\htdocs\yii\framework\web\CWebApplication.php(141): CWebApplication->runController('site/plugins/sl...')
#3 C:\Apache2.2\htdocs\yii\framework\base\CApplication.php(184): CWebApplication->processRequest()
#4 C:\Apache2.2\htdocs\yii\voln-advert\index.php(13): CApplication->run()
#5 {main}
REQUEST_URI=/yii/voln-advert/index.php/site/plugins/slicknav/slicknav.js
HTTP_REFERER=http://localhost/yii/voln-advert/index.php/site/login
---
2016/10/16 01:01:57 [error] [exception.CHttpException.404] exception 'CHttpException' with message 'Системе не удалось найти запрашиваемое действие "plugins".' in C:\Apache2.2\htdocs\yii\framework\web\CController.php:483
Stack trace:
#0 C:\Apache2.2\htdocs\yii\framework\web\CController.php(270): CController->missingAction('plugins')
#1 C:\Apache2.2\htdocs\yii\framework\web\CWebApplication.php(282): CController->run('plugins')
#2 C:\Apache2.2\htdocs\yii\framework\web\CWebApplication.php(141): CWebApplication->runController('site/plugins/sl...')
#3 C:\Apache2.2\htdocs\yii\framework\base\CApplication.php(184): CWebApplication->processRequest()
#4 C:\Apache2.2\htdocs\yii\voln-advert\index.php(13): CApplication->run()
#5 {main}
REQUEST_URI=/yii/voln-advert/index.php/site/plugins/slicknav/slicknav.css
HTTP_REFERER=http://localhost/yii/voln-advert/index.php/site/login
---
2016/10/16 01:01:57 [error] [exception.CHttpException.404] exception 'CHttpException' with message 'Системе не удалось найти запрашиваемое действие "plugins".' in C:\Apache2.2\htdocs\yii\framework\web\CController.php:483
Stack trace:
#0 C:\Apache2.2\htdocs\yii\framework\web\CController.php(270): CController->missingAction('plugins')
#1 C:\Apache2.2\htdocs\yii\framework\web\CWebApplication.php(282): CController->run('plugins')
#2 C:\Apache2.2\htdocs\yii\framework\web\CWebApplication.php(141): CWebApplication->runController('site/plugins/sl...')
#3 C:\Apache2.2\htdocs\yii\framework\base\CApplication.php(184): CWebApplication->processRequest()
#4 C:\Apache2.2\htdocs\yii\voln-advert\index.php(13): CApplication->run()
#5 {main}
REQUEST_URI=/yii/voln-advert/index.php/site/plugins/slicknav/slicknav.js
HTTP_REFERER=http://localhost/yii/voln-advert/index.php/site/login
---
2016/10/16 01:01:57 [error] [exception.CHttpException.404] exception 'CHttpException' with message 'Системе не удалось найти запрашиваемое действие "plugins".' in C:\Apache2.2\htdocs\yii\framework\web\CController.php:483
Stack trace:
#0 C:\Apache2.2\htdocs\yii\framework\web\CController.php(270): CController->missingAction('plugins')
#1 C:\Apache2.2\htdocs\yii\framework\web\CWebApplication.php(282): CController->run('plugins')
#2 C:\Apache2.2\htdocs\yii\framework\web\CWebApplication.php(141): CWebApplication->runController('site/plugins/sl...')
#3 C:\Apache2.2\htdocs\yii\framework\base\CApplication.php(184): CWebApplication->processRequest()
#4 C:\Apache2.2\htdocs\yii\voln-advert\index.php(13): CApplication->run()
#5 {main}
REQUEST_URI=/yii/voln-advert/index.php/site/plugins/slicknav/slicknav.css
HTTP_REFERER=http://localhost/yii/voln-advert/index.php/site/login
---
2016/10/16 01:01:58 [error] [exception.CHttpException.404] exception 'CHttpException' with message 'Системе не удалось найти запрашиваемое действие "plugins".' in C:\Apache2.2\htdocs\yii\framework\web\CController.php:483
Stack trace:
#0 C:\Apache2.2\htdocs\yii\framework\web\CController.php(270): CController->missingAction('plugins')
#1 C:\Apache2.2\htdocs\yii\framework\web\CWebApplication.php(282): CController->run('plugins')
#2 C:\Apache2.2\htdocs\yii\framework\web\CWebApplication.php(141): CWebApplication->runController('site/plugins/sl...')
#3 C:\Apache2.2\htdocs\yii\framework\base\CApplication.php(184): CWebApplication->processRequest()
#4 C:\Apache2.2\htdocs\yii\voln-advert\index.php(13): CApplication->run()
#5 {main}
REQUEST_URI=/yii/voln-advert/index.php/site/plugins/slicknav/slicknav.js
HTTP_REFERER=http://localhost/yii/voln-advert/index.php/site/login
---
2016/10/16 01:04:07 [error] [exception.CHttpException.404] exception 'CHttpException' with message 'Системе не удалось найти запрашиваемое действие "plugins".' in C:\Apache2.2\htdocs\yii\framework\web\CController.php:483
Stack trace:
#0 C:\Apache2.2\htdocs\yii\framework\web\CController.php(270): CController->missingAction('plugins')
#1 C:\Apache2.2\htdocs\yii\framework\web\CWebApplication.php(282): CController->run('plugins')
#2 C:\Apache2.2\htdocs\yii\framework\web\CWebApplication.php(141): CWebApplication->runController('site/plugins/sl...')
#3 C:\Apache2.2\htdocs\yii\framework\base\CApplication.php(184): CWebApplication->processRequest()
#4 C:\Apache2.2\htdocs\yii\voln-advert\index.php(13): CApplication->run()
#5 {main}
REQUEST_URI=/yii/voln-advert/index.php/site/plugins/slicknav/slicknav.css
HTTP_REFERER=http://localhost/yii/voln-advert/index.php/site/login
---
2016/10/16 01:04:07 [error] [exception.CHttpException.404] exception 'CHttpException' with message 'Системе не удалось найти запрашиваемое действие "plugins".' in C:\Apache2.2\htdocs\yii\framework\web\CController.php:483
Stack trace:
#0 C:\Apache2.2\htdocs\yii\framework\web\CController.php(270): CController->missingAction('plugins')
#1 C:\Apache2.2\htdocs\yii\framework\web\CWebApplication.php(282): CController->run('plugins')
#2 C:\Apache2.2\htdocs\yii\framework\web\CWebApplication.php(141): CWebApplication->runController('site/plugins/sl...')
#3 C:\Apache2.2\htdocs\yii\framework\base\CApplication.php(184): CWebApplication->processRequest()
#4 C:\Apache2.2\htdocs\yii\voln-advert\index.php(13): CApplication->run()
#5 {main}
REQUEST_URI=/yii/voln-advert/index.php/site/plugins/slicknav/slicknav.js
HTTP_REFERER=http://localhost/yii/voln-advert/index.php/site/login
---
2016/10/16 01:04:07 [error] [exception.CHttpException.404] exception 'CHttpException' with message 'Системе не удалось найти запрашиваемое действие "plugins".' in C:\Apache2.2\htdocs\yii\framework\web\CController.php:483
Stack trace:
#0 C:\Apache2.2\htdocs\yii\framework\web\CController.php(270): CController->missingAction('plugins')
#1 C:\Apache2.2\htdocs\yii\framework\web\CWebApplication.php(282): CController->run('plugins')
#2 C:\Apache2.2\htdocs\yii\framework\web\CWebApplication.php(141): CWebApplication->runController('site/plugins/sl...')
#3 C:\Apache2.2\htdocs\yii\framework\base\CApplication.php(184): CWebApplication->processRequest()
#4 C:\Apache2.2\htdocs\yii\voln-advert\index.php(13): CApplication->run()
#5 {main}
REQUEST_URI=/yii/voln-advert/index.php/site/plugins/slicknav/slicknav.js
HTTP_REFERER=http://localhost/yii/voln-advert/index.php/site/login
---
2016/10/16 01:04:25 [error] [exception.CHttpException.404] exception 'CHttpException' with message 'Системе не удалось найти запрашиваемое действие "plugins".' in C:\Apache2.2\htdocs\yii\framework\web\CController.php:483
Stack trace:
#0 C:\Apache2.2\htdocs\yii\framework\web\CController.php(270): CController->missingAction('plugins')
#1 C:\Apache2.2\htdocs\yii\framework\web\CWebApplication.php(282): CController->run('plugins')
#2 C:\Apache2.2\htdocs\yii\framework\web\CWebApplication.php(141): CWebApplication->runController('site/plugins/sl...')
#3 C:\Apache2.2\htdocs\yii\framework\base\CApplication.php(184): CWebApplication->processRequest()
#4 C:\Apache2.2\htdocs\yii\voln-advert\index.php(13): CApplication->run()
#5 {main}
REQUEST_URI=/yii/voln-advert/index.php/site/plugins/slicknav/slicknav.css
HTTP_REFERER=http://localhost/yii/voln-advert/index.php/site/login
---
2016/10/16 01:04:26 [error] [exception.CHttpException.404] exception 'CHttpException' with message 'Системе не удалось найти запрашиваемое действие "plugins".' in C:\Apache2.2\htdocs\yii\framework\web\CController.php:483
Stack trace:
#0 C:\Apache2.2\htdocs\yii\framework\web\CController.php(270): CController->missingAction('plugins')
#1 C:\Apache2.2\htdocs\yii\framework\web\CWebApplication.php(282): CController->run('plugins')
#2 C:\Apache2.2\htdocs\yii\framework\web\CWebApplication.php(141): CWebApplication->runController('site/plugins/sl...')
#3 C:\Apache2.2\htdocs\yii\framework\base\CApplication.php(184): CWebApplication->processRequest()
#4 C:\Apache2.2\htdocs\yii\voln-advert\index.php(13): CApplication->run()
#5 {main}
REQUEST_URI=/yii/voln-advert/index.php/site/plugins/slicknav/slicknav.js
HTTP_REFERER=http://localhost/yii/voln-advert/index.php/site/login
---
2016/10/16 01:05:33 [error] [exception.CHttpException.404] exception 'CHttpException' with message 'Системе не удалось найти запрашиваемое действие "plugins".' in C:\Apache2.2\htdocs\yii\framework\web\CController.php:483
Stack trace:
#0 C:\Apache2.2\htdocs\yii\framework\web\CController.php(270): CController->missingAction('plugins')
#1 C:\Apache2.2\htdocs\yii\framework\web\CWebApplication.php(282): CController->run('plugins')
#2 C:\Apache2.2\htdocs\yii\framework\web\CWebApplication.php(141): CWebApplication->runController('site/plugins/sl...')
#3 C:\Apache2.2\htdocs\yii\framework\base\CApplication.php(184): CWebApplication->processRequest()
#4 C:\Apache2.2\htdocs\yii\voln-advert\index.php(13): CApplication->run()
#5 {main}
REQUEST_URI=/yii/voln-advert/index.php/site/plugins/slicknav/slicknav.js
HTTP_REFERER=http://localhost/yii/voln-advert/index.php/site/login
---
2016/10/16 01:05:33 [error] [exception.CHttpException.404] exception 'CHttpException' with message 'Системе не удалось найти запрашиваемое действие "plugins".' in C:\Apache2.2\htdocs\yii\framework\web\CController.php:483
Stack trace:
#0 C:\Apache2.2\htdocs\yii\framework\web\CController.php(270): CController->missingAction('plugins')
#1 C:\Apache2.2\htdocs\yii\framework\web\CWebApplication.php(282): CController->run('plugins')
#2 C:\Apache2.2\htdocs\yii\framework\web\CWebApplication.php(141): CWebApplication->runController('site/plugins/sl...')
#3 C:\Apache2.2\htdocs\yii\framework\base\CApplication.php(184): CWebApplication->processRequest()
#4 C:\Apache2.2\htdocs\yii\voln-advert\index.php(13): CApplication->run()
#5 {main}
REQUEST_URI=/yii/voln-advert/index.php/site/plugins/slicknav/slicknav.css
HTTP_REFERER=http://localhost/yii/voln-advert/index.php/site/login
---
2016/10/16 01:05:33 [error] [exception.CHttpException.404] exception 'CHttpException' with message 'Системе не удалось найти запрашиваемое действие "plugins".' in C:\Apache2.2\htdocs\yii\framework\web\CController.php:483
Stack trace:
#0 C:\Apache2.2\htdocs\yii\framework\web\CController.php(270): CController->missingAction('plugins')
#1 C:\Apache2.2\htdocs\yii\framework\web\CWebApplication.php(282): CController->run('plugins')
#2 C:\Apache2.2\htdocs\yii\framework\web\CWebApplication.php(141): CWebApplication->runController('site/plugins/sl...')
#3 C:\Apache2.2\htdocs\yii\framework\base\CApplication.php(184): CWebApplication->processRequest()
#4 C:\Apache2.2\htdocs\yii\voln-advert\index.php(13): CApplication->run()
#5 {main}
REQUEST_URI=/yii/voln-advert/index.php/site/plugins/slicknav/slicknav.js
HTTP_REFERER=http://localhost/yii/voln-advert/index.php/site/login
---
2016/10/16 01:05:51 [error] [exception.CHttpException.404] exception 'CHttpException' with message 'Системе не удалось найти запрашиваемое действие "plugins".' in C:\Apache2.2\htdocs\yii\framework\web\CController.php:483
Stack trace:
#0 C:\Apache2.2\htdocs\yii\framework\web\CController.php(270): CController->missingAction('plugins')
#1 C:\Apache2.2\htdocs\yii\framework\web\CWebApplication.php(282): CController->run('plugins')
#2 C:\Apache2.2\htdocs\yii\framework\web\CWebApplication.php(141): CWebApplication->runController('site/plugins/sl...')
#3 C:\Apache2.2\htdocs\yii\framework\base\CApplication.php(184): CWebApplication->processRequest()
#4 C:\Apache2.2\htdocs\yii\voln-advert\index.php(13): CApplication->run()
#5 {main}
REQUEST_URI=/yii/voln-advert/index.php/site/plugins/slicknav/slicknav.css
HTTP_REFERER=http://localhost/yii/voln-advert/index.php/site/login
---
2016/10/16 01:05:51 [error] [exception.CHttpException.404] exception 'CHttpException' with message 'Системе не удалось найти запрашиваемое действие "plugins".' in C:\Apache2.2\htdocs\yii\framework\web\CController.php:483
Stack trace:
#0 C:\Apache2.2\htdocs\yii\framework\web\CController.php(270): CController->missingAction('plugins')
#1 C:\Apache2.2\htdocs\yii\framework\web\CWebApplication.php(282): CController->run('plugins')
#2 C:\Apache2.2\htdocs\yii\framework\web\CWebApplication.php(141): CWebApplication->runController('site/plugins/sl...')
#3 C:\Apache2.2\htdocs\yii\framework\base\CApplication.php(184): CWebApplication->processRequest()
#4 C:\Apache2.2\htdocs\yii\voln-advert\index.php(13): CApplication->run()
#5 {main}
REQUEST_URI=/yii/voln-advert/index.php/site/plugins/slicknav/slicknav.js
HTTP_REFERER=http://localhost/yii/voln-advert/index.php/site/login
---
2016/10/16 01:05:51 [error] [exception.CHttpException.404] exception 'CHttpException' with message 'Системе не удалось найти запрашиваемое действие "plugins".' in C:\Apache2.2\htdocs\yii\framework\web\CController.php:483
Stack trace:
#0 C:\Apache2.2\htdocs\yii\framework\web\CController.php(270): CController->missingAction('plugins')
#1 C:\Apache2.2\htdocs\yii\framework\web\CWebApplication.php(282): CController->run('plugins')
#2 C:\Apache2.2\htdocs\yii\framework\web\CWebApplication.php(141): CWebApplication->runController('site/plugins/sl...')
#3 C:\Apache2.2\htdocs\yii\framework\base\CApplication.php(184): CWebApplication->processRequest()
#4 C:\Apache2.2\htdocs\yii\voln-advert\index.php(13): CApplication->run()
#5 {main}
REQUEST_URI=/yii/voln-advert/index.php/site/plugins/slicknav/slicknav.js
HTTP_REFERER=http://localhost/yii/voln-advert/index.php/site/login
---
2016/10/16 01:07:47 [error] [exception.CHttpException.404] exception 'CHttpException' with message 'Системе не удалось найти запрашиваемое действие "plugins".' in C:\Apache2.2\htdocs\yii\framework\web\CController.php:483
Stack trace:
#0 C:\Apache2.2\htdocs\yii\framework\web\CController.php(270): CController->missingAction('plugins')
#1 C:\Apache2.2\htdocs\yii\framework\web\CWebApplication.php(282): CController->run('plugins')
#2 C:\Apache2.2\htdocs\yii\framework\web\CWebApplication.php(141): CWebApplication->runController('site/plugins/sl...')
#3 C:\Apache2.2\htdocs\yii\framework\base\CApplication.php(184): CWebApplication->processRequest()
#4 C:\Apache2.2\htdocs\yii\voln-advert\index.php(13): CApplication->run()
#5 {main}
REQUEST_URI=/yii/voln-advert/index.php/site/plugins/slicknav/slicknav.css
HTTP_REFERER=http://localhost/yii/voln-advert/index.php/site/page?view=about
---
2016/10/16 01:07:47 [error] [exception.CHttpException.404] exception 'CHttpException' with message 'Системе не удалось найти запрашиваемое действие "plugins".' in C:\Apache2.2\htdocs\yii\framework\web\CController.php:483
Stack trace:
#0 C:\Apache2.2\htdocs\yii\framework\web\CController.php(270): CController->missingAction('plugins')
#1 C:\Apache2.2\htdocs\yii\framework\web\CWebApplication.php(282): CController->run('plugins')
#2 C:\Apache2.2\htdocs\yii\framework\web\CWebApplication.php(141): CWebApplication->runController('site/plugins/sl...')
#3 C:\Apache2.2\htdocs\yii\framework\base\CApplication.php(184): CWebApplication->processRequest()
#4 C:\Apache2.2\htdocs\yii\voln-advert\index.php(13): CApplication->run()
#5 {main}
REQUEST_URI=/yii/voln-advert/index.php/site/plugins/slicknav/slicknav.js
HTTP_REFERER=http://localhost/yii/voln-advert/index.php/site/page?view=about
---
2016/10/16 01:07:56 [error] [exception.CHttpException.404] exception 'CHttpException' with message 'Системе не удалось найти запрашиваемое действие "plugins".' in C:\Apache2.2\htdocs\yii\framework\web\CController.php:483
Stack trace:
#0 C:\Apache2.2\htdocs\yii\framework\web\CController.php(270): CController->missingAction('plugins')
#1 C:\Apache2.2\htdocs\yii\framework\web\CWebApplication.php(282): CController->run('plugins')
#2 C:\Apache2.2\htdocs\yii\framework\web\CWebApplication.php(141): CWebApplication->runController('site/plugins/sl...')
#3 C:\Apache2.2\htdocs\yii\framework\base\CApplication.php(184): CWebApplication->processRequest()
#4 C:\Apache2.2\htdocs\yii\voln-advert\index.php(13): CApplication->run()
#5 {main}
REQUEST_URI=/yii/voln-advert/index.php/site/plugins/slicknav/slicknav.css
HTTP_REFERER=http://localhost/yii/voln-advert/index.php/site/contact
---
2016/10/16 01:07:57 [error] [exception.CHttpException.404] exception 'CHttpException' with message 'Системе не удалось найти запрашиваемое действие "plugins".' in C:\Apache2.2\htdocs\yii\framework\web\CController.php:483
Stack trace:
#0 C:\Apache2.2\htdocs\yii\framework\web\CController.php(270): CController->missingAction('plugins')
#1 C:\Apache2.2\htdocs\yii\framework\web\CWebApplication.php(282): CController->run('plugins')
#2 C:\Apache2.2\htdocs\yii\framework\web\CWebApplication.php(141): CWebApplication->runController('site/plugins/sl...')
#3 C:\Apache2.2\htdocs\yii\framework\base\CApplication.php(184): CWebApplication->processRequest()
#4 C:\Apache2.2\htdocs\yii\voln-advert\index.php(13): CApplication->run()
#5 {main}
REQUEST_URI=/yii/voln-advert/index.php/site/plugins/slicknav/slicknav.js
HTTP_REFERER=http://localhost/yii/voln-advert/index.php/site/contact
---
2016/10/16 01:08:00 [error] [exception.CHttpException.404] exception 'CHttpException' with message 'Системе не удалось найти запрашиваемое действие "plugins".' in C:\Apache2.2\htdocs\yii\framework\web\CController.php:483
Stack trace:
#0 C:\Apache2.2\htdocs\yii\framework\web\CController.php(270): CController->missingAction('plugins')
#1 C:\Apache2.2\htdocs\yii\framework\web\CWebApplication.php(282): CController->run('plugins')
#2 C:\Apache2.2\htdocs\yii\framework\web\CWebApplication.php(141): CWebApplication->runController('site/plugins/sl...')
#3 C:\Apache2.2\htdocs\yii\framework\base\CApplication.php(184): CWebApplication->processRequest()
#4 C:\Apache2.2\htdocs\yii\voln-advert\index.php(13): CApplication->run()
#5 {main}
REQUEST_URI=/yii/voln-advert/index.php/site/plugins/slicknav/slicknav.css
HTTP_REFERER=http://localhost/yii/voln-advert/index.php/site/login
---
2016/10/16 01:08:00 [error] [exception.CHttpException.404] exception 'CHttpException' with message 'Системе не удалось найти запрашиваемое действие "plugins".' in C:\Apache2.2\htdocs\yii\framework\web\CController.php:483
Stack trace:
#0 C:\Apache2.2\htdocs\yii\framework\web\CController.php(270): CController->missingAction('plugins')
#1 C:\Apache2.2\htdocs\yii\framework\web\CWebApplication.php(282): CController->run('plugins')
#2 C:\Apache2.2\htdocs\yii\framework\web\CWebApplication.php(141): CWebApplication->runController('site/plugins/sl...')
#3 C:\Apache2.2\htdocs\yii\framework\base\CApplication.php(184): CWebApplication->processRequest()
#4 C:\Apache2.2\htdocs\yii\voln-advert\index.php(13): CApplication->run()
#5 {main}
REQUEST_URI=/yii/voln-advert/index.php/site/plugins/slicknav/slicknav.js
HTTP_REFERER=http://localhost/yii/voln-advert/index.php/site/login
---
2016/10/16 01:09:37 [error] [exception.CHttpException.404] exception 'CHttpException' with message 'Системе не удалось найти запрашиваемое действие "plugins".' in C:\Apache2.2\htdocs\yii\framework\web\CController.php:483
Stack trace:
#0 C:\Apache2.2\htdocs\yii\framework\web\CController.php(270): CController->missingAction('plugins')
#1 C:\Apache2.2\htdocs\yii\framework\web\CWebApplication.php(282): CController->run('plugins')
#2 C:\Apache2.2\htdocs\yii\framework\web\CWebApplication.php(141): CWebApplication->runController('site/plugins/sl...')
#3 C:\Apache2.2\htdocs\yii\framework\base\CApplication.php(184): CWebApplication->processRequest()
#4 C:\Apache2.2\htdocs\yii\voln-advert\index.php(13): CApplication->run()
#5 {main}
REQUEST_URI=/yii/voln-advert/index.php/site/plugins/slicknav/slicknav.css
HTTP_REFERER=http://localhost/yii/voln-advert/index.php/site/login
---
2016/10/16 01:09:37 [error] [exception.CHttpException.404] exception 'CHttpException' with message 'Системе не удалось найти запрашиваемое действие "plugins".' in C:\Apache2.2\htdocs\yii\framework\web\CController.php:483
Stack trace:
#0 C:\Apache2.2\htdocs\yii\framework\web\CController.php(270): CController->missingAction('plugins')
#1 C:\Apache2.2\htdocs\yii\framework\web\CWebApplication.php(282): CController->run('plugins')
#2 C:\Apache2.2\htdocs\yii\framework\web\CWebApplication.php(141): CWebApplication->runController('site/plugins/sl...')
#3 C:\Apache2.2\htdocs\yii\framework\base\CApplication.php(184): CWebApplication->processRequest()
#4 C:\Apache2.2\htdocs\yii\voln-advert\index.php(13): CApplication->run()
#5 {main}
REQUEST_URI=/yii/voln-advert/index.php/site/plugins/slicknav/slicknav.js
HTTP_REFERER=http://localhost/yii/voln-advert/index.php/site/login
---
2016/10/16 01:10:08 [error] [exception.CHttpException.404] exception 'CHttpException' with message 'Системе не удалось найти запрашиваемое действие "plugins".' in C:\Apache2.2\htdocs\yii\framework\web\CController.php:483
Stack trace:
#0 C:\Apache2.2\htdocs\yii\framework\web\CController.php(270): CController->missingAction('plugins')
#1 C:\Apache2.2\htdocs\yii\framework\web\CWebApplication.php(282): CController->run('plugins')
#2 C:\Apache2.2\htdocs\yii\framework\web\CWebApplication.php(141): CWebApplication->runController('site/plugins/sl...')
#3 C:\Apache2.2\htdocs\yii\framework\base\CApplication.php(184): CWebApplication->processRequest()
#4 C:\Apache2.2\htdocs\yii\voln-advert\index.php(13): CApplication->run()
#5 {main}
REQUEST_URI=/yii/voln-advert/index.php/site/plugins/slicknav/slicknav.css
HTTP_REFERER=http://localhost/yii/voln-advert/index.php/site/login
---
2016/10/16 01:10:08 [error] [exception.CHttpException.404] exception 'CHttpException' with message 'Системе не удалось найти запрашиваемое действие "plugins".' in C:\Apache2.2\htdocs\yii\framework\web\CController.php:483
Stack trace:
#0 C:\Apache2.2\htdocs\yii\framework\web\CController.php(270): CController->missingAction('plugins')
#1 C:\Apache2.2\htdocs\yii\framework\web\CWebApplication.php(282): CController->run('plugins')
#2 C:\Apache2.2\htdocs\yii\framework\web\CWebApplication.php(141): CWebApplication->runController('site/plugins/sl...')
#3 C:\Apache2.2\htdocs\yii\framework\base\CApplication.php(184): CWebApplication->processRequest()
#4 C:\Apache2.2\htdocs\yii\voln-advert\index.php(13): CApplication->run()
#5 {main}
REQUEST_URI=/yii/voln-advert/index.php/site/plugins/slicknav/slicknav.js
HTTP_REFERER=http://localhost/yii/voln-advert/index.php/site/login
---
2016/10/16 01:15:40 [error] [php] Undefined variable: j (C:\Apache2.2\htdocs\yii\voln-advert\protected\views\layouts\column2.php:35)
Stack trace:
#0 C:\Apache2.2\htdocs\yii\framework\web\CController.php(784): SiteController->renderFile()
#1 C:\Apache2.2\htdocs\yii\voln-advert\protected\controllers\SiteController.php(32): SiteController->render()
#2 C:\Apache2.2\htdocs\yii\framework\web\actions\CInlineAction.php(49): SiteController->actionIndex()
#3 C:\Apache2.2\htdocs\yii\framework\web\CController.php(308): CInlineAction->runWithParams()
#4 C:\Apache2.2\htdocs\yii\framework\web\CController.php(286): SiteController->runAction()
#5 C:\Apache2.2\htdocs\yii\framework\web\CController.php(265): SiteController->runActionWithFilters()
#6 C:\Apache2.2\htdocs\yii\framework\web\CWebApplication.php(282): SiteController->run()
#7 C:\Apache2.2\htdocs\yii\framework\web\CWebApplication.php(141): CWebApplication->runController()
#8 C:\Apache2.2\htdocs\yii\framework\base\CApplication.php(184): CWebApplication->processRequest()
#9 C:\Apache2.2\htdocs\yii\voln-advert\index.php(13): CWebApplication->run()
REQUEST_URI=/yii/voln-advert/index.php
in C:\Apache2.2\htdocs\yii\voln-advert\protected\views\layouts\column2.php (35)
in C:\Apache2.2\htdocs\yii\voln-advert\protected\controllers\SiteController.php (32)
in C:\Apache2.2\htdocs\yii\voln-advert\index.php (13)
2016/10/16 01:16:50 [error] [exception.CHttpException.404] exception 'CHttpException' with message 'Системе не удалось найти запрашиваемое действие "plugins".' in C:\Apache2.2\htdocs\yii\framework\web\CController.php:483
Stack trace:
#0 C:\Apache2.2\htdocs\yii\framework\web\CController.php(270): CController->missingAction('plugins')
#1 C:\Apache2.2\htdocs\yii\framework\web\CWebApplication.php(282): CController->run('plugins')
#2 C:\Apache2.2\htdocs\yii\framework\web\CWebApplication.php(141): CWebApplication->runController('site/plugins/sl...')
#3 C:\Apache2.2\htdocs\yii\framework\base\CApplication.php(184): CWebApplication->processRequest()
#4 C:\Apache2.2\htdocs\yii\voln-advert\index.php(13): CApplication->run()
#5 {main}
REQUEST_URI=/yii/voln-advert/index.php/site/plugins/slicknav/slicknav.css
HTTP_REFERER=http://localhost/yii/voln-advert/index.php/site/page?view=about
---
2016/10/16 01:16:51 [error] [exception.CHttpException.404] exception 'CHttpException' with message 'Системе не удалось найти запрашиваемое действие "plugins".' in C:\Apache2.2\htdocs\yii\framework\web\CController.php:483
Stack trace:
#0 C:\Apache2.2\htdocs\yii\framework\web\CController.php(270): CController->missingAction('plugins')
#1 C:\Apache2.2\htdocs\yii\framework\web\CWebApplication.php(282): CController->run('plugins')
#2 C:\Apache2.2\htdocs\yii\framework\web\CWebApplication.php(141): CWebApplication->runController('site/plugins/sl...')
#3 C:\Apache2.2\htdocs\yii\framework\base\CApplication.php(184): CWebApplication->processRequest()
#4 C:\Apache2.2\htdocs\yii\voln-advert\index.php(13): CApplication->run()
#5 {main}
REQUEST_URI=/yii/voln-advert/index.php/site/plugins/slicknav/slicknav.js
HTTP_REFERER=http://localhost/yii/voln-advert/index.php/site/page?view=about
---
2016/10/16 01:17:35 [error] [exception.CHttpException.404] exception 'CHttpException' with message 'Системе не удалось найти запрашиваемое действие "plugins".' in C:\Apache2.2\htdocs\yii\framework\web\CController.php:483
Stack trace:
#0 C:\Apache2.2\htdocs\yii\framework\web\CController.php(270): CController->missingAction('plugins')
#1 C:\Apache2.2\htdocs\yii\framework\web\CWebApplication.php(282): CController->run('plugins')
#2 C:\Apache2.2\htdocs\yii\framework\web\CWebApplication.php(141): CWebApplication->runController('site/plugins/sl...')
#3 C:\Apache2.2\htdocs\yii\framework\base\CApplication.php(184): CWebApplication->processRequest()
#4 C:\Apache2.2\htdocs\yii\voln-advert\index.php(13): CApplication->run()
#5 {main}
REQUEST_URI=/yii/voln-advert/index.php/site/plugins/slicknav/slicknav.js
HTTP_REFERER=http://localhost/yii/voln-advert/index.php/site/page?view=about
---
2016/10/16 01:17:35 [error] [exception.CHttpException.404] exception 'CHttpException' with message 'Системе не удалось найти запрашиваемое действие "plugins".' in C:\Apache2.2\htdocs\yii\framework\web\CController.php:483
Stack trace:
#0 C:\Apache2.2\htdocs\yii\framework\web\CController.php(270): CController->missingAction('plugins')
#1 C:\Apache2.2\htdocs\yii\framework\web\CWebApplication.php(282): CController->run('plugins')
#2 C:\Apache2.2\htdocs\yii\framework\web\CWebApplication.php(141): CWebApplication->runController('site/plugins/sl...')
#3 C:\Apache2.2\htdocs\yii\framework\base\CApplication.php(184): CWebApplication->processRequest()
#4 C:\Apache2.2\htdocs\yii\voln-advert\index.php(13): CApplication->run()
#5 {main}
REQUEST_URI=/yii/voln-advert/index.php/site/plugins/slicknav/slicknav.css
HTTP_REFERER=http://localhost/yii/voln-advert/index.php/site/page?view=about
---
2016/10/16 01:17:35 [error] [exception.CHttpException.404] exception 'CHttpException' with message 'Системе не удалось найти запрашиваемое действие "plugins".' in C:\Apache2.2\htdocs\yii\framework\web\CController.php:483
Stack trace:
#0 C:\Apache2.2\htdocs\yii\framework\web\CController.php(270): CController->missingAction('plugins')
#1 C:\Apache2.2\htdocs\yii\framework\web\CWebApplication.php(282): CController->run('plugins')
#2 C:\Apache2.2\htdocs\yii\framework\web\CWebApplication.php(141): CWebApplication->runController('site/plugins/sl...')
#3 C:\Apache2.2\htdocs\yii\framework\base\CApplication.php(184): CWebApplication->processRequest()
#4 C:\Apache2.2\htdocs\yii\voln-advert\index.php(13): CApplication->run()
#5 {main}
REQUEST_URI=/yii/voln-advert/index.php/site/plugins/slicknav/slicknav.js
HTTP_REFERER=http://localhost/yii/voln-advert/index.php/site/page?view=about
---
2016/10/16 01:19:18 [error] [exception.CHttpException.404] exception 'CHttpException' with message 'Системе не удалось найти запрашиваемое действие "plugins".' in C:\Apache2.2\htdocs\yii\framework\web\CController.php:483
Stack trace:
#0 C:\Apache2.2\htdocs\yii\framework\web\CController.php(270): CController->missingAction('plugins')
#1 C:\Apache2.2\htdocs\yii\framework\web\CWebApplication.php(282): CController->run('plugins')
#2 C:\Apache2.2\htdocs\yii\framework\web\CWebApplication.php(141): CWebApplication->runController('site/plugins/sl...')
#3 C:\Apache2.2\htdocs\yii\framework\base\CApplication.php(184): CWebApplication->processRequest()
#4 C:\Apache2.2\htdocs\yii\voln-advert\index.php(13): CApplication->run()
#5 {main}
REQUEST_URI=/yii/voln-advert/index.php/site/plugins/slicknav/slicknav.css
HTTP_REFERER=http://localhost/yii/voln-advert/index.php/site/contact
---
2016/10/16 01:19:18 [error] [exception.CHttpException.404] exception 'CHttpException' with message 'Системе не удалось найти запрашиваемое действие "plugins".' in C:\Apache2.2\htdocs\yii\framework\web\CController.php:483
Stack trace:
#0 C:\Apache2.2\htdocs\yii\framework\web\CController.php(270): CController->missingAction('plugins')
#1 C:\Apache2.2\htdocs\yii\framework\web\CWebApplication.php(282): CController->run('plugins')
#2 C:\Apache2.2\htdocs\yii\framework\web\CWebApplication.php(141): CWebApplication->runController('site/plugins/sl...')
#3 C:\Apache2.2\htdocs\yii\framework\base\CApplication.php(184): CWebApplication->processRequest()
#4 C:\Apache2.2\htdocs\yii\voln-advert\index.php(13): CApplication->run()
#5 {main}
REQUEST_URI=/yii/voln-advert/index.php/site/plugins/slicknav/slicknav.js
HTTP_REFERER=http://localhost/yii/voln-advert/index.php/site/contact
---
2016/10/16 01:22:05 [error] [exception.CHttpException.404] exception 'CHttpException' with message 'Системе не удалось найти запрашиваемое действие "plugins".' in C:\Apache2.2\htdocs\yii\framework\web\CController.php:483
Stack trace:
#0 C:\Apache2.2\htdocs\yii\framework\web\CController.php(270): CController->missingAction('plugins')
#1 C:\Apache2.2\htdocs\yii\framework\web\CWebApplication.php(282): CController->run('plugins')
#2 C:\Apache2.2\htdocs\yii\framework\web\CWebApplication.php(141): CWebApplication->runController('site/plugins/sl...')
#3 C:\Apache2.2\htdocs\yii\framework\base\CApplication.php(184): CWebApplication->processRequest()
#4 C:\Apache2.2\htdocs\yii\voln-advert\index.php(13): CApplication->run()
#5 {main}
REQUEST_URI=/yii/voln-advert/index.php/site/plugins/slicknav/slicknav.css
HTTP_REFERER=http://localhost/yii/voln-advert/index.php/site/contact
---
2016/10/16 01:22:05 [error] [exception.CHttpException.404] exception 'CHttpException' with message 'Системе не удалось найти запрашиваемое действие "plugins".' in C:\Apache2.2\htdocs\yii\framework\web\CController.php:483
Stack trace:
#0 C:\Apache2.2\htdocs\yii\framework\web\CController.php(270): CController->missingAction('plugins')
#1 C:\Apache2.2\htdocs\yii\framework\web\CWebApplication.php(282): CController->run('plugins')
#2 C:\Apache2.2\htdocs\yii\framework\web\CWebApplication.php(141): CWebApplication->runController('site/plugins/sl...')
#3 C:\Apache2.2\htdocs\yii\framework\base\CApplication.php(184): CWebApplication->processRequest()
#4 C:\Apache2.2\htdocs\yii\voln-advert\index.php(13): CApplication->run()
#5 {main}
REQUEST_URI=/yii/voln-advert/index.php/site/plugins/slicknav/slicknav.js
HTTP_REFERER=http://localhost/yii/voln-advert/index.php/site/contact
---
2016/10/16 01:22:05 [error] [exception.CHttpException.404] exception 'CHttpException' with message 'Системе не удалось найти запрашиваемое действие "plugins".' in C:\Apache2.2\htdocs\yii\framework\web\CController.php:483
Stack trace:
#0 C:\Apache2.2\htdocs\yii\framework\web\CController.php(270): CController->missingAction('plugins')
#1 C:\Apache2.2\htdocs\yii\framework\web\CWebApplication.php(282): CController->run('plugins')
#2 C:\Apache2.2\htdocs\yii\framework\web\CWebApplication.php(141): CWebApplication->runController('site/plugins/sl...')
#3 C:\Apache2.2\htdocs\yii\framework\base\CApplication.php(184): CWebApplication->processRequest()
#4 C:\Apache2.2\htdocs\yii\voln-advert\index.php(13): CApplication->run()
#5 {main}
REQUEST_URI=/yii/voln-advert/index.php/site/plugins/slicknav/slicknav.js
HTTP_REFERER=http://localhost/yii/voln-advert/index.php/site/contact
---
2016/10/16 01:22:43 [error] [exception.CHttpException.404] exception 'CHttpException' with message 'Системе не удалось найти запрашиваемое действие "plugins".' in C:\Apache2.2\htdocs\yii\framework\web\CController.php:483
Stack trace:
#0 C:\Apache2.2\htdocs\yii\framework\web\CController.php(270): CController->missingAction('plugins')
#1 C:\Apache2.2\htdocs\yii\framework\web\CWebApplication.php(282): CController->run('plugins')
#2 C:\Apache2.2\htdocs\yii\framework\web\CWebApplication.php(141): CWebApplication->runController('site/plugins/sl...')
#3 C:\Apache2.2\htdocs\yii\framework\base\CApplication.php(184): CWebApplication->processRequest()
#4 C:\Apache2.2\htdocs\yii\voln-advert\index.php(13): CApplication->run()
#5 {main}
REQUEST_URI=/yii/voln-advert/index.php/site/plugins/slicknav/slicknav.css
HTTP_REFERER=http://localhost/yii/voln-advert/index.php/site/contact
---
2016/10/16 01:22:44 [error] [exception.CHttpException.404] exception 'CHttpException' with message 'Системе не удалось найти запрашиваемое действие "plugins".' in C:\Apache2.2\htdocs\yii\framework\web\CController.php:483
Stack trace:
#0 C:\Apache2.2\htdocs\yii\framework\web\CController.php(270): CController->missingAction('plugins')
#1 C:\Apache2.2\htdocs\yii\framework\web\CWebApplication.php(282): CController->run('plugins')
#2 C:\Apache2.2\htdocs\yii\framework\web\CWebApplication.php(141): CWebApplication->runController('site/plugins/sl...')
#3 C:\Apache2.2\htdocs\yii\framework\base\CApplication.php(184): CWebApplication->processRequest()
#4 C:\Apache2.2\htdocs\yii\voln-advert\index.php(13): CApplication->run()
#5 {main}
REQUEST_URI=/yii/voln-advert/index.php/site/plugins/slicknav/slicknav.js
HTTP_REFERER=http://localhost/yii/voln-advert/index.php/site/contact
---
2016/10/16 01:28:38 [error] [exception.CHttpException.404] exception 'CHttpException' with message 'Системе не удалось найти запрашиваемое действие "plugins".' in C:\Apache2.2\htdocs\yii\framework\web\CController.php:483
Stack trace:
#0 C:\Apache2.2\htdocs\yii\framework\web\CController.php(270): CController->missingAction('plugins')
#1 C:\Apache2.2\htdocs\yii\framework\web\CWebApplication.php(282): CController->run('plugins')
#2 C:\Apache2.2\htdocs\yii\framework\web\CWebApplication.php(141): CWebApplication->runController('site/plugins/sl...')
#3 C:\Apache2.2\htdocs\yii\framework\base\CApplication.php(184): CWebApplication->processRequest()
#4 C:\Apache2.2\htdocs\yii\voln-advert\index.php(13): CApplication->run()
#5 {main}
REQUEST_URI=/yii/voln-advert/index.php/site/plugins/slicknav/slicknav.css
HTTP_REFERER=http://localhost/yii/voln-advert/index.php/site/contact
---
2016/10/16 01:28:38 [error] [exception.CHttpException.404] exception 'CHttpException' with message 'Системе не удалось найти запрашиваемое действие "plugins".' in C:\Apache2.2\htdocs\yii\framework\web\CController.php:483
Stack trace:
#0 C:\Apache2.2\htdocs\yii\framework\web\CController.php(270): CController->missingAction('plugins')
#1 C:\Apache2.2\htdocs\yii\framework\web\CWebApplication.php(282): CController->run('plugins')
#2 C:\Apache2.2\htdocs\yii\framework\web\CWebApplication.php(141): CWebApplication->runController('site/plugins/sl...')
#3 C:\Apache2.2\htdocs\yii\framework\base\CApplication.php(184): CWebApplication->processRequest()
#4 C:\Apache2.2\htdocs\yii\voln-advert\index.php(13): CApplication->run()
#5 {main}
REQUEST_URI=/yii/voln-advert/index.php/site/plugins/slicknav/slicknav.js
HTTP_REFERER=http://localhost/yii/voln-advert/index.php/site/contact
---
2016/10/16 01:28:39 [error] [exception.CHttpException.404] exception 'CHttpException' with message 'Системе не удалось найти запрашиваемое действие "plugins".' in C:\Apache2.2\htdocs\yii\framework\web\CController.php:483
Stack trace:
#0 C:\Apache2.2\htdocs\yii\framework\web\CController.php(270): CController->missingAction('plugins')
#1 C:\Apache2.2\htdocs\yii\framework\web\CWebApplication.php(282): CController->run('plugins')
#2 C:\Apache2.2\htdocs\yii\framework\web\CWebApplication.php(141): CWebApplication->runController('site/plugins/sl...')
#3 C:\Apache2.2\htdocs\yii\framework\base\CApplication.php(184): CWebApplication->processRequest()
#4 C:\Apache2.2\htdocs\yii\voln-advert\index.php(13): CApplication->run()
#5 {main}
REQUEST_URI=/yii/voln-advert/index.php/site/plugins/slicknav/slicknav.js
HTTP_REFERER=http://localhost/yii/voln-advert/index.php/site/contact
---
2016/10/16 01:28:54 [error] [exception.CHttpException.404] exception 'CHttpException' with message 'Системе не удалось найти запрашиваемое действие "plugins".' in C:\Apache2.2\htdocs\yii\framework\web\CController.php:483
Stack trace:
#0 C:\Apache2.2\htdocs\yii\framework\web\CController.php(270): CController->missingAction('plugins')
#1 C:\Apache2.2\htdocs\yii\framework\web\CWebApplication.php(282): CController->run('plugins')
#2 C:\Apache2.2\htdocs\yii\framework\web\CWebApplication.php(141): CWebApplication->runController('site/plugins/sl...')
#3 C:\Apache2.2\htdocs\yii\framework\base\CApplication.php(184): CWebApplication->processRequest()
#4 C:\Apache2.2\htdocs\yii\voln-advert\index.php(13): CApplication->run()
#5 {main}
REQUEST_URI=/yii/voln-advert/index.php/site/plugins/slicknav/slicknav.css
HTTP_REFERER=http://localhost/yii/voln-advert/index.php/site/contact
---
2016/10/16 01:28:54 [error] [exception.CHttpException.404] exception 'CHttpException' with message 'Системе не удалось найти запрашиваемое действие "plugins".' in C:\Apache2.2\htdocs\yii\framework\web\CController.php:483
Stack trace:
#0 C:\Apache2.2\htdocs\yii\framework\web\CController.php(270): CController->missingAction('plugins')
#1 C:\Apache2.2\htdocs\yii\framework\web\CWebApplication.php(282): CController->run('plugins')
#2 C:\Apache2.2\htdocs\yii\framework\web\CWebApplication.php(141): CWebApplication->runController('site/plugins/sl...')
#3 C:\Apache2.2\htdocs\yii\framework\base\CApplication.php(184): CWebApplication->processRequest()
#4 C:\Apache2.2\htdocs\yii\voln-advert\index.php(13): CApplication->run()
#5 {main}
REQUEST_URI=/yii/voln-advert/index.php/site/plugins/slicknav/slicknav.js
HTTP_REFERER=http://localhost/yii/voln-advert/index.php/site/contact
---
2016/10/16 01:30:36 [error] [exception.CHttpException.404] exception 'CHttpException' with message 'Системе не удалось найти запрашиваемое действие "plugins".' in C:\Apache2.2\htdocs\yii\framework\web\CController.php:483
Stack trace:
#0 C:\Apache2.2\htdocs\yii\framework\web\CController.php(270): CController->missingAction('plugins')
#1 C:\Apache2.2\htdocs\yii\framework\web\CWebApplication.php(282): CController->run('plugins')
#2 C:\Apache2.2\htdocs\yii\framework\web\CWebApplication.php(141): CWebApplication->runController('site/plugins/sl...')
#3 C:\Apache2.2\htdocs\yii\framework\base\CApplication.php(184): CWebApplication->processRequest()
#4 C:\Apache2.2\htdocs\yii\voln-advert\index.php(13): CApplication->run()
#5 {main}
REQUEST_URI=/yii/voln-advert/index.php/site/plugins/slicknav/slicknav.css
HTTP_REFERER=http://localhost/yii/voln-advert/index.php/site/contact
---
2016/10/16 01:30:36 [error] [exception.CHttpException.404] exception 'CHttpException' with message 'Системе не удалось найти запрашиваемое действие "plugins".' in C:\Apache2.2\htdocs\yii\framework\web\CController.php:483
Stack trace:
#0 C:\Apache2.2\htdocs\yii\framework\web\CController.php(270): CController->missingAction('plugins')
#1 C:\Apache2.2\htdocs\yii\framework\web\CWebApplication.php(282): CController->run('plugins')
#2 C:\Apache2.2\htdocs\yii\framework\web\CWebApplication.php(141): CWebApplication->runController('site/plugins/sl...')
#3 C:\Apache2.2\htdocs\yii\framework\base\CApplication.php(184): CWebApplication->processRequest()
#4 C:\Apache2.2\htdocs\yii\voln-advert\index.php(13): CApplication->run()
#5 {main}
REQUEST_URI=/yii/voln-advert/index.php/site/plugins/slicknav/slicknav.js
HTTP_REFERER=http://localhost/yii/voln-advert/index.php/site/contact
---
2016/10/16 01:30:46 [error] [exception.CHttpException.404] exception 'CHttpException' with message 'Системе не удалось найти запрашиваемое действие "plugins".' in C:\Apache2.2\htdocs\yii\framework\web\CController.php:483
Stack trace:
#0 C:\Apache2.2\htdocs\yii\framework\web\CController.php(270): CController->missingAction('plugins')
#1 C:\Apache2.2\htdocs\yii\framework\web\CWebApplication.php(282): CController->run('plugins')
#2 C:\Apache2.2\htdocs\yii\framework\web\CWebApplication.php(141): CWebApplication->runController('site/plugins/sl...')
#3 C:\Apache2.2\htdocs\yii\framework\base\CApplication.php(184): CWebApplication->processRequest()
#4 C:\Apache2.2\htdocs\yii\voln-advert\index.php(13): CApplication->run()
#5 {main}
REQUEST_URI=/yii/voln-advert/index.php/site/plugins/slicknav/slicknav.css
HTTP_REFERER=http://localhost/yii/voln-advert/index.php/site/contact
---
2016/10/16 01:30:46 [error] [exception.CHttpException.404] exception 'CHttpException' with message 'Системе не удалось найти запрашиваемое действие "plugins".' in C:\Apache2.2\htdocs\yii\framework\web\CController.php:483
Stack trace:
#0 C:\Apache2.2\htdocs\yii\framework\web\CController.php(270): CController->missingAction('plugins')
#1 C:\Apache2.2\htdocs\yii\framework\web\CWebApplication.php(282): CController->run('plugins')
#2 C:\Apache2.2\htdocs\yii\framework\web\CWebApplication.php(141): CWebApplication->runController('site/plugins/sl...')
#3 C:\Apache2.2\htdocs\yii\framework\base\CApplication.php(184): CWebApplication->processRequest()
#4 C:\Apache2.2\htdocs\yii\voln-advert\index.php(13): CApplication->run()
#5 {main}
REQUEST_URI=/yii/voln-advert/index.php/site/plugins/slicknav/slicknav.js
HTTP_REFERER=http://localhost/yii/voln-advert/index.php/site/contact
---
2016/10/16 01:30:55 [error] [exception.CHttpException.404] exception 'CHttpException' with message 'Системе не удалось найти запрашиваемое действие "plugins".' in C:\Apache2.2\htdocs\yii\framework\web\CController.php:483
Stack trace:
#0 C:\Apache2.2\htdocs\yii\framework\web\CController.php(270): CController->missingAction('plugins')
#1 C:\Apache2.2\htdocs\yii\framework\web\CWebApplication.php(282): CController->run('plugins')
#2 C:\Apache2.2\htdocs\yii\framework\web\CWebApplication.php(141): CWebApplication->runController('site/plugins/sl...')
#3 C:\Apache2.2\htdocs\yii\framework\base\CApplication.php(184): CWebApplication->processRequest()
#4 C:\Apache2.2\htdocs\yii\voln-advert\index.php(13): CApplication->run()
#5 {main}
REQUEST_URI=/yii/voln-advert/index.php/site/plugins/slicknav/slicknav.css
HTTP_REFERER=http://localhost/yii/voln-advert/index.php/site/contact
---
2016/10/16 01:30:55 [error] [exception.CHttpException.404] exception 'CHttpException' with message 'Системе не удалось найти запрашиваемое действие "plugins".' in C:\Apache2.2\htdocs\yii\framework\web\CController.php:483
Stack trace:
#0 C:\Apache2.2\htdocs\yii\framework\web\CController.php(270): CController->missingAction('plugins')
#1 C:\Apache2.2\htdocs\yii\framework\web\CWebApplication.php(282): CController->run('plugins')
#2 C:\Apache2.2\htdocs\yii\framework\web\CWebApplication.php(141): CWebApplication->runController('site/plugins/sl...')
#3 C:\Apache2.2\htdocs\yii\framework\base\CApplication.php(184): CWebApplication->processRequest()
#4 C:\Apache2.2\htdocs\yii\voln-advert\index.php(13): CApplication->run()
#5 {main}
REQUEST_URI=/yii/voln-advert/index.php/site/plugins/slicknav/slicknav.js
HTTP_REFERER=http://localhost/yii/voln-advert/index.php/site/contact
---
2016/10/16 01:30:56 [error] [exception.CHttpException.404] exception 'CHttpException' with message 'Системе не удалось найти запрашиваемое действие "plugins".' in C:\Apache2.2\htdocs\yii\framework\web\CController.php:483
Stack trace:
#0 C:\Apache2.2\htdocs\yii\framework\web\CController.php(270): CController->missingAction('plugins')
#1 C:\Apache2.2\htdocs\yii\framework\web\CWebApplication.php(282): CController->run('plugins')
#2 C:\Apache2.2\htdocs\yii\framework\web\CWebApplication.php(141): CWebApplication->runController('site/plugins/sl...')
#3 C:\Apache2.2\htdocs\yii\framework\base\CApplication.php(184): CWebApplication->processRequest()
#4 C:\Apache2.2\htdocs\yii\voln-advert\index.php(13): CApplication->run()
#5 {main}
REQUEST_URI=/yii/voln-advert/index.php/site/plugins/slicknav/slicknav.js
HTTP_REFERER=http://localhost/yii/voln-advert/index.php/site/contact
---
2016/10/16 01:31:03 [error] [exception.CHttpException.404] exception 'CHttpException' with message 'Системе не удалось найти запрашиваемое действие "plugins".' in C:\Apache2.2\htdocs\yii\framework\web\CController.php:483
Stack trace:
#0 C:\Apache2.2\htdocs\yii\framework\web\CController.php(270): CController->missingAction('plugins')
#1 C:\Apache2.2\htdocs\yii\framework\web\CWebApplication.php(282): CController->run('plugins')
#2 C:\Apache2.2\htdocs\yii\framework\web\CWebApplication.php(141): CWebApplication->runController('site/plugins/sl...')
#3 C:\Apache2.2\htdocs\yii\framework\base\CApplication.php(184): CWebApplication->processRequest()
#4 C:\Apache2.2\htdocs\yii\voln-advert\index.php(13): CApplication->run()
#5 {main}
REQUEST_URI=/yii/voln-advert/index.php/site/plugins/slicknav/slicknav.css
HTTP_REFERER=http://localhost/yii/voln-advert/index.php/site/contact
---
2016/10/16 01:31:03 [error] [exception.CHttpException.404] exception 'CHttpException' with message 'Системе не удалось найти запрашиваемое действие "plugins".' in C:\Apache2.2\htdocs\yii\framework\web\CController.php:483
Stack trace:
#0 C:\Apache2.2\htdocs\yii\framework\web\CController.php(270): CController->missingAction('plugins')
#1 C:\Apache2.2\htdocs\yii\framework\web\CWebApplication.php(282): CController->run('plugins')
#2 C:\Apache2.2\htdocs\yii\framework\web\CWebApplication.php(141): CWebApplication->runController('site/plugins/sl...')
#3 C:\Apache2.2\htdocs\yii\framework\base\CApplication.php(184): CWebApplication->processRequest()
#4 C:\Apache2.2\htdocs\yii\voln-advert\index.php(13): CApplication->run()
#5 {main}
REQUEST_URI=/yii/voln-advert/index.php/site/plugins/slicknav/slicknav.js
HTTP_REFERER=http://localhost/yii/voln-advert/index.php/site/contact
---
2016/10/16 01:31:12 [error] [exception.CHttpException.404] exception 'CHttpException' with message 'Системе не удалось найти запрашиваемое действие "plugins".' in C:\Apache2.2\htdocs\yii\framework\web\CController.php:483
Stack trace:
#0 C:\Apache2.2\htdocs\yii\framework\web\CController.php(270): CController->missingAction('plugins')
#1 C:\Apache2.2\htdocs\yii\framework\web\CWebApplication.php(282): CController->run('plugins')
#2 C:\Apache2.2\htdocs\yii\framework\web\CWebApplication.php(141): CWebApplication->runController('site/plugins/sl...')
#3 C:\Apache2.2\htdocs\yii\framework\base\CApplication.php(184): CWebApplication->processRequest()
#4 C:\Apache2.2\htdocs\yii\voln-advert\index.php(13): CApplication->run()
#5 {main}
REQUEST_URI=/yii/voln-advert/index.php/site/plugins/slicknav/slicknav.css
HTTP_REFERER=http://localhost/yii/voln-advert/index.php/site/contact
---
2016/10/16 01:31:12 [error] [exception.CHttpException.404] exception 'CHttpException' with message 'Системе не удалось найти запрашиваемое действие "plugins".' in C:\Apache2.2\htdocs\yii\framework\web\CController.php:483
Stack trace:
#0 C:\Apache2.2\htdocs\yii\framework\web\CController.php(270): CController->missingAction('plugins')
#1 C:\Apache2.2\htdocs\yii\framework\web\CWebApplication.php(282): CController->run('plugins')
#2 C:\Apache2.2\htdocs\yii\framework\web\CWebApplication.php(141): CWebApplication->runController('site/plugins/sl...')
#3 C:\Apache2.2\htdocs\yii\framework\base\CApplication.php(184): CWebApplication->processRequest()
#4 C:\Apache2.2\htdocs\yii\voln-advert\index.php(13): CApplication->run()
#5 {main}
REQUEST_URI=/yii/voln-advert/index.php/site/plugins/slicknav/slicknav.js
HTTP_REFERER=http://localhost/yii/voln-advert/index.php/site/contact
---
2016/10/16 01:34:41 [error] [exception.CHttpException.404] exception 'CHttpException' with message 'Системе не удалось найти запрашиваемое действие "plugins".' in C:\Apache2.2\htdocs\yii\framework\web\CController.php:483
Stack trace:
#0 C:\Apache2.2\htdocs\yii\framework\web\CController.php(270): CController->missingAction('plugins')
#1 C:\Apache2.2\htdocs\yii\framework\web\CWebApplication.php(282): CController->run('plugins')
#2 C:\Apache2.2\htdocs\yii\framework\web\CWebApplication.php(141): CWebApplication->runController('site/plugins/sl...')
#3 C:\Apache2.2\htdocs\yii\framework\base\CApplication.php(184): CWebApplication->processRequest()
#4 C:\Apache2.2\htdocs\yii\voln-advert\index.php(13): CApplication->run()
#5 {main}
REQUEST_URI=/yii/voln-advert/index.php/site/plugins/slicknav/slicknav.js
HTTP_REFERER=http://localhost/yii/voln-advert/index.php/site/contact
---
2016/10/16 01:34:41 [error] [exception.CHttpException.404] exception 'CHttpException' with message 'Системе не удалось найти запрашиваемое действие "plugins".' in C:\Apache2.2\htdocs\yii\framework\web\CController.php:483
Stack trace:
#0 C:\Apache2.2\htdocs\yii\framework\web\CController.php(270): CController->missingAction('plugins')
#1 C:\Apache2.2\htdocs\yii\framework\web\CWebApplication.php(282): CController->run('plugins')
#2 C:\Apache2.2\htdocs\yii\framework\web\CWebApplication.php(141): CWebApplication->runController('site/plugins/sl...')
#3 C:\Apache2.2\htdocs\yii\framework\base\CApplication.php(184): CWebApplication->processRequest()
#4 C:\Apache2.2\htdocs\yii\voln-advert\index.php(13): CApplication->run()
#5 {main}
REQUEST_URI=/yii/voln-advert/index.php/site/plugins/slicknav/slicknav.css
HTTP_REFERER=http://localhost/yii/voln-advert/index.php/site/contact
---
2016/10/16 01:34:43 [error] [exception.CHttpException.404] exception 'CHttpException' with message 'Системе не удалось найти запрашиваемое действие "plugins".' in C:\Apache2.2\htdocs\yii\framework\web\CController.php:483
Stack trace:
#0 C:\Apache2.2\htdocs\yii\framework\web\CController.php(270): CController->missingAction('plugins')
#1 C:\Apache2.2\htdocs\yii\framework\web\CWebApplication.php(282): CController->run('plugins')
#2 C:\Apache2.2\htdocs\yii\framework\web\CWebApplication.php(141): CWebApplication->runController('site/plugins/sl...')
#3 C:\Apache2.2\htdocs\yii\framework\base\CApplication.php(184): CWebApplication->processRequest()
#4 C:\Apache2.2\htdocs\yii\voln-advert\index.php(13): CApplication->run()
#5 {main}
REQUEST_URI=/yii/voln-advert/index.php/site/plugins/slicknav/slicknav.js
HTTP_REFERER=http://localhost/yii/voln-advert/index.php/site/contact
---
2016/10/16 01:37:50 [error] [exception.CHttpException.404] exception 'CHttpException' with message 'Системе не удалось найти запрашиваемое действие "plugins".' in C:\Apache2.2\htdocs\yii\framework\web\CController.php:483
Stack trace:
#0 C:\Apache2.2\htdocs\yii\framework\web\CController.php(270): CController->missingAction('plugins')
#1 C:\Apache2.2\htdocs\yii\framework\web\CWebApplication.php(282): CController->run('plugins')
#2 C:\Apache2.2\htdocs\yii\framework\web\CWebApplication.php(141): CWebApplication->runController('site/plugins/sl...')
#3 C:\Apache2.2\htdocs\yii\framework\base\CApplication.php(184): CWebApplication->processRequest()
#4 C:\Apache2.2\htdocs\yii\voln-advert\index.php(13): CApplication->run()
#5 {main}
REQUEST_URI=/yii/voln-advert/index.php/site/plugins/slicknav/slicknav.css
HTTP_REFERER=http://localhost/yii/voln-advert/index.php/site/contact
---
2016/10/16 01:37:50 [error] [exception.CHttpException.404] exception 'CHttpException' with message 'Системе не удалось найти запрашиваемое действие "plugins".' in C:\Apache2.2\htdocs\yii\framework\web\CController.php:483
Stack trace:
#0 C:\Apache2.2\htdocs\yii\framework\web\CController.php(270): CController->missingAction('plugins')
#1 C:\Apache2.2\htdocs\yii\framework\web\CWebApplication.php(282): CController->run('plugins')
#2 C:\Apache2.2\htdocs\yii\framework\web\CWebApplication.php(141): CWebApplication->runController('site/plugins/sl...')
#3 C:\Apache2.2\htdocs\yii\framework\base\CApplication.php(184): CWebApplication->processRequest()
#4 C:\Apache2.2\htdocs\yii\voln-advert\index.php(13): CApplication->run()
#5 {main}
REQUEST_URI=/yii/voln-advert/index.php/site/plugins/slicknav/slicknav.js
HTTP_REFERER=http://localhost/yii/voln-advert/index.php/site/contact
---
